<?xml version="1.0" encoding="UTF-8"?>
<testsuite name="com.oneid.totem.data.print.PrinterConnectionManagerTest" tests="8" skipped="0" failures="7" errors="0" timestamp="2026-08-03T18:57:48" hostname="PHSC" time="0.417">
  <properties/>
  <testcase name="ensureConnected connects when printer not connected" classname="com.oneid.totem.data.print.PrinterConnectionManagerTest" time="0.167">
    <failure message="io.mockk.MockKException: no answer found for BrotherPrinter(printer#56).close() among the configured answers: (BrotherPrinter(printer#56).isConnected(any()))&#10;BrotherPrinter(printer#56).connect(any(), eq(9100), any())))" type="io.mockk.MockKException">io.mockk.MockKException: no answer found for BrotherPrinter(printer#56).close() among the configured answers: (BrotherPrinter(printer#56).isConnected(any()))
BrotherPrinter(printer#56).connect(any(), eq(9100), any())))
	at io.mockk.impl.stub.MockKStub.defaultAnswer(MockKStub.kt:93)
	at io.mockk.impl.stub.MockKStub.answer(MockKStub.kt:44)
	at io.mockk.impl.recording.states.AnsweringState.call(AnsweringState.kt:16)
	at io.mockk.impl.recording.CommonCallRecorder.call(CommonCallRecorder.kt:53)
	at io.mockk.impl.stub.MockKStub.handleInvocation(MockKStub.kt:271)
	at io.mockk.impl.instantiation.JvmMockFactoryHelper$mockHandler$1.invocation(JvmMockFactoryHelper.kt:24)
	at app//io.mockk.proxy.jvm.advice.Interceptor.call(Interceptor.kt:21)
	at app//io.mockk.proxy.jvm.advice.BaseAdvice.handle(BaseAdvice.kt:42)
	at app//io.mockk.proxy.jvm.advice.jvm.JvmMockKProxyInterceptor.interceptNoSuper(JvmMockKProxyInterceptor.java:44)
	at com.oneid.totem.data.print.BrotherPrinter$Subclass1.close(Unknown Source)
	at com.oneid.totem.data.print.PrinterConnectionManager.ensureConnected(PrinterConnectionManager.kt:28)
	at com.oneid.totem.data.print.PrinterConnectionManagerTest$ensureConnected connects when printer not connected$1.invokeSuspend(PrinterConnectionManagerTest.kt:36)
	at com.oneid.totem.data.print.PrinterConnectionManagerTest$ensureConnected connects when printer not connected$1.invoke(PrinterConnectionManagerTest.kt)
	at com.oneid.totem.data.print.PrinterConnectionManagerTest$ensureConnected connects when printer not connected$1.invoke(PrinterConnectionManagerTest.kt)
	at kotlinx.coroutines.test.TestBuildersKt__TestBuildersKt$runTest$2$1$1.invokeSuspend(TestBuilders.kt:318)
	at app//kotlin.coroutines.jvm.internal.BaseContinuationImpl.resumeWith(ContinuationImpl.kt:33)
	at kotlinx.coroutines.DispatchedTask.run(DispatchedTask.kt:101)
	at kotlinx.coroutines.test.TestDispatcher.processEvent$kotlinx_coroutines_test(TestDispatcher.kt:24)
	at kotlinx.coroutines.test.TestCoroutineScheduler.tryRunNextTaskUnless$kotlinx_coroutines_test(TestCoroutineScheduler.kt:99)
	at kotlinx.coroutines.test.TestBuildersKt__TestBuildersKt$runTest$2$1$workRunner$1.invokeSuspend(TestBuilders.kt:327)
	at app//kotlin.coroutines.jvm.internal.BaseContinuationImpl.resumeWith(ContinuationImpl.kt:33)
	at kotlinx.coroutines.DispatchedTask.run(DispatchedTask.kt:101)
	at kotlinx.coroutines.EventLoopImplBase.processNextEvent(EventLoop.common.kt:263)
	at kotlinx.coroutines.BlockingCoroutine.joinBlocking(Builders.kt:95)
	at kotlinx.coroutines.BuildersKt__BuildersKt.runBlocking(Builders.kt:69)
	at kotlinx.coroutines.BuildersKt.runBlocking(Unknown Source)
	at kotlinx.coroutines.BuildersKt__BuildersKt.runBlocking$default(Builders.kt:47)
	at kotlinx.coroutines.BuildersKt.runBlocking$default(Unknown Source)
	at kotlinx.coroutines.test.TestBuildersJvmKt.createTestResult(TestBuildersJvm.kt:10)
	at kotlinx.coroutines.test.TestBuildersKt__TestBuildersKt.runTest-8Mi8wO0(TestBuilders.kt:310)
	at kotlinx.coroutines.test.TestBuildersKt.runTest-8Mi8wO0(Unknown Source)
	at kotlinx.coroutines.test.TestBuildersKt__TestBuildersKt.runTest-8Mi8wO0(TestBuilders.kt:168)
	at kotlinx.coroutines.test.TestBuildersKt.runTest-8Mi8wO0(Unknown Source)
	at kotlinx.coroutines.test.TestBuildersKt__TestBuildersKt.runTest-8Mi8wO0$default(TestBuilders.kt:160)
	at kotlinx.coroutines.test.TestBuildersKt.runTest-8Mi8wO0$default(Unknown Source)
	at com.oneid.totem.data.print.PrinterConnectionManagerTest.ensureConnected connects when printer not connected(PrinterConnectionManagerTest.kt:32)
	at java.base@21.0.11/jdk.internal.reflect.DirectMethodHandleAccessor.invoke(DirectMethodHandleAccessor.java:103)
	at java.base@21.0.11/java.lang.reflect.Method.invoke(Method.java:580)
	at app//org.junit.runners.model.FrameworkMethod$1.runReflectiveCall(FrameworkMethod.java:59)
	at app//org.junit.internal.runners.model.ReflectiveCallable.run(ReflectiveCallable.java:12)
	at app//org.junit.runners.model.FrameworkMethod.invokeExplosively(FrameworkMethod.java:56)
	at app//org.junit.internal.runners.statements.InvokeMethod.evaluate(InvokeMethod.java:17)
	at app//org.junit.internal.runners.statements.RunBefores.evaluate(RunBefores.java:26)
	at app//org.junit.runners.ParentRunner$3.evaluate(ParentRunner.java:306)
	at app//org.robolectric.RobolectricTestRunner$HelperTestRunner$1.evaluate(RobolectricTestRunner.java:502)
	at app//org.robolectric.internal.SandboxTestRunner$2.lambda$evaluate$2(SandboxTestRunner.java:285)
	at app//org.robolectric.internal.bytecode.Sandbox.lambda$runOnMainThread$0(Sandbox.java:104)
	at java.base@21.0.11/java.util.concurrent.FutureTask.run(FutureTask.java:317)
	at java.base@21.0.11/java.util.concurrent.ThreadPoolExecutor.runWorker(ThreadPoolExecutor.java:1144)
	at java.base@21.0.11/java.util.concurrent.ThreadPoolExecutor$Worker.run(ThreadPoolExecutor.java:642)
	at java.base@21.0.11/java.lang.Thread.run(Thread.java:1583)
</failure>
  </testcase>
  <testcase name="disconnect closes printer" classname="com.oneid.totem.data.print.PrinterConnectionManagerTest" time="0.028"/>
  <testcase name="ensureConnected reconnects when probe fails on same IP" classname="com.oneid.totem.data.print.PrinterConnectionManagerTest" time="0.032">
    <failure message="io.mockk.MockKException: no answer found for BrotherPrinter(printer#60).close() among the configured answers: (BrotherPrinter(printer#60).isConnected(any()))&#10;BrotherPrinter(printer#60).connect(any(), eq(9100), any())))" type="io.mockk.MockKException">io.mockk.MockKException: no answer found for BrotherPrinter(printer#60).close() among the configured answers: (BrotherPrinter(printer#60).isConnected(any()))
BrotherPrinter(printer#60).connect(any(), eq(9100), any())))
	at io.mockk.impl.stub.MockKStub.defaultAnswer(MockKStub.kt:93)
	at io.mockk.impl.stub.MockKStub.answer(MockKStub.kt:44)
	at io.mockk.impl.recording.states.AnsweringState.call(AnsweringState.kt:16)
	at io.mockk.impl.recording.CommonCallRecorder.call(CommonCallRecorder.kt:53)
	at io.mockk.impl.stub.MockKStub.handleInvocation(MockKStub.kt:271)
	at io.mockk.impl.instantiation.JvmMockFactoryHelper$mockHandler$1.invocation(JvmMockFactoryHelper.kt:24)
	at app//io.mockk.proxy.jvm.advice.Interceptor.call(Interceptor.kt:21)
	at app//io.mockk.proxy.jvm.advice.BaseAdvice.handle(BaseAdvice.kt:42)
	at app//io.mockk.proxy.jvm.advice.jvm.JvmMockKProxyInterceptor.interceptNoSuper(JvmMockKProxyInterceptor.java:44)
	at com.oneid.totem.data.print.BrotherPrinter$Subclass1.close(Unknown Source)
	at com.oneid.totem.data.print.PrinterConnectionManager.ensureConnected(PrinterConnectionManager.kt:28)
	at com.oneid.totem.data.print.PrinterConnectionManagerTest$ensureConnected reconnects when probe fails on same IP$1.invokeSuspend(PrinterConnectionManagerTest.kt:71)
	at com.oneid.totem.data.print.PrinterConnectionManagerTest$ensureConnected reconnects when probe fails on same IP$1.invoke(PrinterConnectionManagerTest.kt)
	at com.oneid.totem.data.print.PrinterConnectionManagerTest$ensureConnected reconnects when probe fails on same IP$1.invoke(PrinterConnectionManagerTest.kt)
	at kotlinx.coroutines.test.TestBuildersKt__TestBuildersKt$runTest$2$1$1.invokeSuspend(TestBuilders.kt:318)
	at app//kotlin.coroutines.jvm.internal.BaseContinuationImpl.resumeWith(ContinuationImpl.kt:33)
	at kotlinx.coroutines.DispatchedTask.run(DispatchedTask.kt:101)
	at kotlinx.coroutines.test.TestDispatcher.processEvent$kotlinx_coroutines_test(TestDispatcher.kt:24)
	at kotlinx.coroutines.test.TestCoroutineScheduler.tryRunNextTaskUnless$kotlinx_coroutines_test(TestCoroutineScheduler.kt:99)
	at kotlinx.coroutines.test.TestBuildersKt__TestBuildersKt$runTest$2$1$workRunner$1.invokeSuspend(TestBuilders.kt:327)
	at app//kotlin.coroutines.jvm.internal.BaseContinuationImpl.resumeWith(ContinuationImpl.kt:33)
	at kotlinx.coroutines.DispatchedTask.run(DispatchedTask.kt:101)
	at kotlinx.coroutines.EventLoopImplBase.processNextEvent(EventLoop.common.kt:263)
	at kotlinx.coroutines.BlockingCoroutine.joinBlocking(Builders.kt:95)
	at kotlinx.coroutines.BuildersKt__BuildersKt.runBlocking(Builders.kt:69)
	at kotlinx.coroutines.BuildersKt.runBlocking(Unknown Source)
	at kotlinx.coroutines.BuildersKt__BuildersKt.runBlocking$default(Builders.kt:47)
	at kotlinx.coroutines.BuildersKt.runBlocking$default(Unknown Source)
	at kotlinx.coroutines.test.TestBuildersJvmKt.createTestResult(TestBuildersJvm.kt:10)
	at kotlinx.coroutines.test.TestBuildersKt__TestBuildersKt.runTest-8Mi8wO0(TestBuilders.kt:310)
	at kotlinx.coroutines.test.TestBuildersKt.runTest-8Mi8wO0(Unknown Source)
	at kotlinx.coroutines.test.TestBuildersKt__TestBuildersKt.runTest-8Mi8wO0(TestBuilders.kt:168)
	at kotlinx.coroutines.test.TestBuildersKt.runTest-8Mi8wO0(Unknown Source)
	at kotlinx.coroutines.test.TestBuildersKt__TestBuildersKt.runTest-8Mi8wO0$default(TestBuilders.kt:160)
	at kotlinx.coroutines.test.TestBuildersKt.runTest-8Mi8wO0$default(Unknown Source)
	at com.oneid.totem.data.print.PrinterConnectionManagerTest.ensureConnected reconnects when probe fails on same IP(PrinterConnectionManagerTest.kt:67)
	at java.base@21.0.11/jdk.internal.reflect.DirectMethodHandleAccessor.invoke(DirectMethodHandleAccessor.java:103)
	at java.base@21.0.11/java.lang.reflect.Method.invoke(Method.java:580)
	at app//org.junit.runners.model.FrameworkMethod$1.runReflectiveCall(FrameworkMethod.java:59)
	at app//org.junit.internal.runners.model.ReflectiveCallable.run(ReflectiveCallable.java:12)
	at app//org.junit.runners.model.FrameworkMethod.invokeExplosively(FrameworkMethod.java:56)
	at app//org.junit.internal.runners.statements.InvokeMethod.evaluate(InvokeMethod.java:17)
	at app//org.junit.internal.runners.statements.RunBefores.evaluate(RunBefores.java:26)
	at app//org.junit.runners.ParentRunner$3.evaluate(ParentRunner.java:306)
	at app//org.robolectric.RobolectricTestRunner$HelperTestRunner$1.evaluate(RobolectricTestRunner.java:502)
	at app//org.robolectric.internal.SandboxTestRunner$2.lambda$evaluate$2(SandboxTestRunner.java:285)
	at app//org.robolectric.internal.bytecode.Sandbox.lambda$runOnMainThread$0(Sandbox.java:104)
	at java.base@21.0.11/java.util.concurrent.FutureTask.run(FutureTask.java:317)
	at java.base@21.0.11/java.util.concurrent.ThreadPoolExecutor.runWorker(ThreadPoolExecutor.java:1144)
	at java.base@21.0.11/java.util.concurrent.ThreadPoolExecutor$Worker.run(ThreadPoolExecutor.java:642)
	at java.base@21.0.11/java.lang.Thread.run(Thread.java:1583)
</failure>
  </testcase>
  <testcase name="printWithReconnect closes on print failure" classname="com.oneid.totem.data.print.PrinterConnectionManagerTest" time="0.054">
    <failure message="java.lang.AssertionError: Verification failed: call 1 of 1: BrotherPrinter(printer#62).close()). 2 matching calls found, but needs exactly 1 calls&#10;Calls:&#10;1) BrotherPrinter(printer#62).close()&#10;2) BrotherPrinter(printer#62).connect(192.168.1.100, 9100, continuation {})&#10;3) BrotherPrinter(printer#62).printBitmap(android.graphics.Bitmap@42400420, 1, continuation {})&#10;4) BrotherPrinter(printer#62).close()&#10;&#10;&#10;Stack traces:&#10;1)                                                                       io.mockk.impl.InternalPlatform.captureStackTrace                            (InternalPlatform.kt:130)            &#10;                                                                           io.mockk.impl.stub.MockKStub.handleInvocation                             (MockKStub.kt:255)                   &#10;                                         io.mockk.impl.instantiation.JvmMockFactoryHelper$mockHandler$1.invocation                                   (JvmMockFactoryHelper.kt:24)         &#10;                                                                  io.mockk.proxy.jvm.advice.Interceptor.call                                         (Interceptor.kt:21)                  &#10;                                                                   io.mockk.proxy.jvm.advice.BaseAdvice.handle                                       (BaseAdvice.kt:42)                   &#10;                                                 io.mockk.proxy.jvm.advice.jvm.JvmMockKProxyInterceptor.interceptNoSuper                             (JvmMockKProxyInterceptor.java:44)   &#10;                                                    com.oneid.totem.data.print.BrotherPrinter$Subclass1.close                                        (-:-1)                               &#10;                                                    com.oneid.totem.data.print.PrinterConnectionManager.ensureConnected                              (PrinterConnectionManager.kt:28)     &#10;                                                    com.oneid.totem.data.print.PrinterConnectionManager.printWithReconnect                           (PrinterConnectionManager.kt:51)     &#10;                                                    com.oneid.totem.data.print.PrinterConnectionManager.printWithReconnect$default                   (PrinterConnectionManager.kt:46)     &#10;   com.oneid.totem.data.print.PrinterConnectionManagerTest$printWithReconnect closes on print failure$1.invokeSuspend                                (PrinterConnectionManagerTest.kt:112)&#10;   com.oneid.totem.data.print.PrinterConnectionManagerTest$printWithReconnect closes on print failure$1.invoke                                       (PrinterConnectionManagerTest.kt:-1) &#10;   com.oneid.totem.data.print.PrinterConnectionManagerTest$printWithReconnect closes on print failure$1.invoke                                       (PrinterConnectionManagerTest.kt:-1) &#10;                                   kotlinx.coroutines.test.TestBuildersKt__TestBuildersKt$runTest$2$1$1.invokeSuspend                                (TestBuilders.kt:318)                &#10;                                                    kotlin.coroutines.jvm.internal.BaseContinuationImpl.resumeWith                                   (ContinuationImpl.kt:33)             &#10;                                                                      kotlinx.coroutines.DispatchedTask.run                                          (DispatchedTask.kt:101)              &#10;                                                                 kotlinx.coroutines.test.TestDispatcher.processEvent$kotlinx_coroutines_test         (TestDispatcher.kt:24)               &#10;                                                         kotlinx.coroutines.test.TestCoroutineScheduler.tryRunNextTaskUnless$kotlinx_coroutines_test (TestCoroutineScheduler.kt:99)       &#10;                        kotlinx.coroutines.test.TestBuildersKt__TestBuildersKt$runTest$2$1$workRunner$1.invokeSuspend                                (TestBuilders.kt:327)                &#10;                                                    kotlin.coroutines.jvm.internal.BaseContinuationImpl.resumeWith                                   (ContinuationImpl.kt:33)             &#10;                                                                      kotlinx.coroutines.DispatchedTask.run                                          (DispatchedTask.kt:101)              &#10;                                                                   kotlinx.coroutines.EventLoopImplBase.processNextEvent                             (EventLoop.common.kt:263)            &#10;                                                                   kotlinx.coroutines.BlockingCoroutine.joinBlocking                                 (Builders.kt:95)                     &#10;                                                              kotlinx.coroutines.BuildersKt__BuildersKt.runBlocking                                  (Builders.kt:69)                     &#10;                                                                          kotlinx.coroutines.BuildersKt.runBlocking                                  (-:1)                                &#10;                                                              kotlinx.coroutines.BuildersKt__BuildersKt.runBlocking$default                          (Builders.kt:47)                     &#10;                                                                          kotlinx.coroutines.BuildersKt.runBlocking$default                          (-:1)                                &#10;                                                              kotlinx.coroutines.test.TestBuildersJvmKt.createTestResult                             (TestBuildersJvm.kt:10)              &#10;                                                 kotlinx.coroutines.test.TestBuildersKt__TestBuildersKt.runTest-8Mi8wO0                              (TestBuilders.kt:310)                &#10;                                                                 kotlinx.coroutines.test.TestBuildersKt.runTest-8Mi8wO0                              (-:1)                                &#10;                                                 kotlinx.coroutines.test.TestBuildersKt__TestBuildersKt.runTest-8Mi8wO0                              (TestBuilders.kt:168)                &#10;                                                                 kotlinx.coroutines.test.TestBuildersKt.runTest-8Mi8wO0                              (-:1)                                &#10;                                                 kotlinx.coroutines.test.TestBuildersKt__TestBuildersKt.runTest-8Mi8wO0$default                      (TestBuilders.kt:160)                &#10;                                                                 kotlinx.coroutines.test.TestBuildersKt.runTest-8Mi8wO0$default                      (-:1)                                &#10;                                                com.oneid.totem.data.print.PrinterConnectionManagerTest.printWithReconnect closes on print failure   (PrinterConnectionManagerTest.kt:105)&#10;                                                        jdk.internal.reflect.DirectMethodHandleAccessor.invoke                                       (DirectMethodHandleAccessor.java:103)&#10;                                                                               java.lang.reflect.Method.invoke                                       (Method.java:580)                    &#10;                                                              org.junit.runners.model.FrameworkMethod$1.runReflectiveCall                            (FrameworkMethod.java:59)            &#10;                                                    org.junit.internal.runners.model.ReflectiveCallable.run                                          (ReflectiveCallable.java:12)         &#10;                                                                org.junit.runners.model.FrameworkMethod.invokeExplosively                            (FrameworkMethod.java:56)            &#10;                                                     org.junit.internal.runners.statements.InvokeMethod.evaluate                                     (InvokeMethod.java:17)               &#10;                                                       org.junit.internal.runners.statements.RunBefores.evaluate                                     (RunBefores.java:26)                 &#10;                                                                       org.junit.runners.ParentRunner$3.evaluate                                     (ParentRunner.java:306)              &#10;                                               org.robolectric.RobolectricTestRunner$HelperTestRunner$1.evaluate                                     (RobolectricTestRunner.java:502)     &#10;                                                           org.robolectric.internal.SandboxTestRunner$2.lambda$evaluate$2                            (SandboxTestRunner.java:285)         &#10;                                                              org.robolectric.internal.bytecode.Sandbox.lambda$runOnMainThread$0                     (Sandbox.java:104)                   &#10;                                                                        java.util.concurrent.FutureTask.run                                          (FutureTask.java:317)                &#10;                                                                java.util.concurrent.ThreadPoolExecutor.runWorker                                    (ThreadPoolExecutor.java:1144)       &#10;                                                         java.util.concurrent.ThreadPoolExecutor$Worker.run                                          (ThreadPoolExecutor.java:642)        &#10;                                                                                       java.lang.Thread.run                                          (Thread.java:1583)                   &#10;&#10;2)                                                                       io.mockk.impl.InternalPlatform.captureStackTrace                            (InternalPlatform.kt:130)            &#10;                                                                           io.mockk.impl.stub.MockKStub.handleInvocation                             (MockKStub.kt:255)                   &#10;                                         io.mockk.impl.instantiation.JvmMockFactoryHelper$mockHandler$1.invocation                                   (JvmMockFactoryHelper.kt:24)         &#10;                                                                  io.mockk.proxy.jvm.advice.Interceptor.call                                         (Interceptor.kt:21)                  &#10;                                                                   io.mockk.proxy.jvm.advice.BaseAdvice.handle                                       (BaseAdvice.kt:42)                   &#10;                                                 io.mockk.proxy.jvm.advice.jvm.JvmMockKProxyInterceptor.interceptNoSuper                             (JvmMockKProxyInterceptor.java:44)   &#10;                                                    com.oneid.totem.data.print.BrotherPrinter$Subclass1.connect                                      (-:-1)                               &#10;                                                 com.oneid.totem.data.print.BrotherPrinter$DefaultImpls.connect$default                              (BrotherPrinter.kt:25)               &#10;                                                    com.oneid.totem.data.print.PrinterConnectionManager.ensureConnected                              (PrinterConnectionManager.kt:33)     &#10;                                                    com.oneid.totem.data.print.PrinterConnectionManager.printWithReconnect                           (PrinterConnectionManager.kt:51)     &#10;                                                    com.oneid.totem.data.print.PrinterConnectionManager.printWithReconnect$default                   (PrinterConnectionManager.kt:46)     &#10;   com.oneid.totem.data.print.PrinterConnectionManagerTest$printWithReconnect closes on print failure$1.invokeSuspend                                (PrinterConnectionManagerTest.kt:112)&#10;   com.oneid.totem.data.print.PrinterConnectionManagerTest$printWithReconnect closes on print failure$1.invoke                                       (PrinterConnectionManagerTest.kt:-1) &#10;   com.oneid.totem.data.print.PrinterConnectionManagerTest$printWithReconnect closes on print failure$1.invoke                                       (PrinterConnectionManagerTest.kt:-1) &#10;                                   kotlinx.coroutines.test.TestBuildersKt__TestBuildersKt$runTest$2$1$1.invokeSuspend                                (TestBuilders.kt:318)                &#10;                                                    kotlin.coroutines.jvm.internal.BaseContinuationImpl.resumeWith                                   (ContinuationImpl.kt:33)             &#10;                                                                      kotlinx.coroutines.DispatchedTask.run                                          (DispatchedTask.kt:101)              &#10;                                                                 kotlinx.coroutines.test.TestDispatcher.processEvent$kotlinx_coroutines_test         (TestDispatcher.kt:24)               &#10;                                                         kotlinx.coroutines.test.TestCoroutineScheduler.tryRunNextTaskUnless$kotlinx_coroutines_test (TestCoroutineScheduler.kt:99)       &#10;                        kotlinx.coroutines.test.TestBuildersKt__TestBuildersKt$runTest$2$1$workRunner$1.invokeSuspend                                (TestBuilders.kt:327)                &#10;                                                    kotlin.coroutines.jvm.internal.BaseContinuationImpl.resumeWith                                   (ContinuationImpl.kt:33)             &#10;                                                                      kotlinx.coroutines.DispatchedTask.run                                          (DispatchedTask.kt:101)              &#10;                                                                   kotlinx.coroutines.EventLoopImplBase.processNextEvent                             (EventLoop.common.kt:263)            &#10;                                                                   kotlinx.coroutines.BlockingCoroutine.joinBlocking                                 (Builders.kt:95)                     &#10;                                                              kotlinx.coroutines.BuildersKt__BuildersKt.runBlocking                                  (Builders.kt:69)                     &#10;                                                                          kotlinx.coroutines.BuildersKt.runBlocking                                  (-:1)                                &#10;                                                              kotlinx.coroutines.BuildersKt__BuildersKt.runBlocking$default                          (Builders.kt:47)                     &#10;                                                                          kotlinx.coroutines.BuildersKt.runBlocking$default                          (-:1)                                &#10;                                                              kotlinx.coroutines.test.TestBuildersJvmKt.createTestResult                             (TestBuildersJvm.kt:10)              &#10;                                                 kotlinx.coroutines.test.TestBuildersKt__TestBuildersKt.runTest-8Mi8wO0                              (TestBuilders.kt:310)                &#10;                                                                 kotlinx.coroutines.test.TestBuildersKt.runTest-8Mi8wO0                              (-:1)                                &#10;                                                 kotlinx.coroutines.test.TestBuildersKt__TestBuildersKt.runTest-8Mi8wO0                              (TestBuilders.kt:168)                &#10;                                                                 kotlinx.coroutines.test.TestBuildersKt.runTest-8Mi8wO0                              (-:1)                                &#10;                                                 kotlinx.coroutines.test.TestBuildersKt__TestBuildersKt.runTest-8Mi8wO0$default                      (TestBuilders.kt:160)                &#10;                                                                 kotlinx.coroutines.test.TestBuildersKt.runTest-8Mi8wO0$default                      (-:1)                                &#10;                                                com.oneid.totem.data.print.PrinterConnectionManagerTest.printWithReconnect closes on print failure   (PrinterConnectionManagerTest.kt:105)&#10;                                                        jdk.internal.reflect.DirectMethodHandleAccessor.invoke                                       (DirectMethodHandleAccessor.java:103)&#10;                                                                               java.lang.reflect.Method.invoke                                       (Method.java:580)                    &#10;                                                              org.junit.runners.model.FrameworkMethod$1.runReflectiveCall                            (FrameworkMethod.java:59)            &#10;                                                    org.junit.internal.runners.model.ReflectiveCallable.run                                          (ReflectiveCallable.java:12)         &#10;                                                                org.junit.runners.model.FrameworkMethod.invokeExplosively                            (FrameworkMethod.java:56)            &#10;                                                     org.junit.internal.runners.statements.InvokeMethod.evaluate                                     (InvokeMethod.java:17)               &#10;                                                       org.junit.internal.runners.statements.RunBefores.evaluate                                     (RunBefores.java:26)                 &#10;                                                                       org.junit.runners.ParentRunner$3.evaluate                                     (ParentRunner.java:306)              &#10;                                               org.robolectric.RobolectricTestRunner$HelperTestRunner$1.evaluate                                     (RobolectricTestRunner.java:502)     &#10;                                                           org.robolectric.internal.SandboxTestRunner$2.lambda$evaluate$2                            (SandboxTestRunner.java:285)         &#10;                                                              org.robolectric.internal.bytecode.Sandbox.lambda$runOnMainThread$0                     (Sandbox.java:104)                   &#10;                                                                        java.util.concurrent.FutureTask.run                                          (FutureTask.java:317)                &#10;                                                                java.util.concurrent.ThreadPoolExecutor.runWorker                                    (ThreadPoolExecutor.java:1144)       &#10;                                                         java.util.concurrent.ThreadPoolExecutor$Worker.run                                          (ThreadPoolExecutor.java:642)        &#10;                                                                                       java.lang.Thread.run                                          (Thread.java:1583)                   &#10;&#10;3)                                                                       io.mockk.impl.InternalPlatform.captureStackTrace                            (InternalPlatform.kt:130)            &#10;                                                                           io.mockk.impl.stub.MockKStub.handleInvocation                             (MockKStub.kt:255)                   &#10;                                         io.mockk.impl.instantiation.JvmMockFactoryHelper$mockHandler$1.invocation                                   (JvmMockFactoryHelper.kt:24)         &#10;                                                                  io.mockk.proxy.jvm.advice.Interceptor.call                                         (Interceptor.kt:21)                  &#10;                                                                   io.mockk.proxy.jvm.advice.BaseAdvice.handle                                       (BaseAdvice.kt:42)                   &#10;                                                 io.mockk.proxy.jvm.advice.jvm.JvmMockKProxyInterceptor.interceptNoSuper                             (JvmMockKProxyInterceptor.java:44)   &#10;                                                    com.oneid.totem.data.print.BrotherPrinter$Subclass1.printBitmap                                  (-:-1)                               &#10;                                                    com.oneid.totem.data.print.PrinterConnectionManager.printWithReconnect                           (PrinterConnectionManager.kt:54)     &#10;                                                    com.oneid.totem.data.print.PrinterConnectionManager.printWithReconnect$default                   (PrinterConnectionManager.kt:46)     &#10;   com.oneid.totem.data.print.PrinterConnectionManagerTest$printWithReconnect closes on print failure$1.invokeSuspend                                (PrinterConnectionManagerTest.kt:112)&#10;   com.oneid.totem.data.print.PrinterConnectionManagerTest$printWithReconnect closes on print failure$1.invoke                                       (PrinterConnectionManagerTest.kt:-1) &#10;   com.oneid.totem.data.print.PrinterConnectionManagerTest$printWithReconnect closes on print failure$1.invoke                                       (PrinterConnectionManagerTest.kt:-1) &#10;                                   kotlinx.coroutines.test.TestBuildersKt__TestBuildersKt$runTest$2$1$1.invokeSuspend                                (TestBuilders.kt:318)                &#10;                                                    kotlin.coroutines.jvm.internal.BaseContinuationImpl.resumeWith                                   (ContinuationImpl.kt:33)             &#10;                                                                      kotlinx.coroutines.DispatchedTask.run                                          (DispatchedTask.kt:101)              &#10;                                                                 kotlinx.coroutines.test.TestDispatcher.processEvent$kotlinx_coroutines_test         (TestDispatcher.kt:24)               &#10;                                                         kotlinx.coroutines.test.TestCoroutineScheduler.tryRunNextTaskUnless$kotlinx_coroutines_test (TestCoroutineScheduler.kt:99)       &#10;                        kotlinx.coroutines.test.TestBuildersKt__TestBuildersKt$runTest$2$1$workRunner$1.invokeSuspend                                (TestBuilders.kt:327)                &#10;                                                    kotlin.coroutines.jvm.internal.BaseContinuationImpl.resumeWith                                   (ContinuationImpl.kt:33)             &#10;                                                                      kotlinx.coroutines.DispatchedTask.run                                          (DispatchedTask.kt:101)              &#10;                                                                   kotlinx.coroutines.EventLoopImplBase.processNextEvent                             (EventLoop.common.kt:263)            &#10;                                                                   kotlinx.coroutines.BlockingCoroutine.joinBlocking                                 (Builders.kt:95)                     &#10;                                                              kotlinx.coroutines.BuildersKt__BuildersKt.runBlocking                                  (Builders.kt:69)                     &#10;                                                                          kotlinx.coroutines.BuildersKt.runBlocking                                  (-:1)                                &#10;                                                              kotlinx.coroutines.BuildersKt__BuildersKt.runBlocking$default                          (Builders.kt:47)                     &#10;                                                                          kotlinx.coroutines.BuildersKt.runBlocking$default                          (-:1)                                &#10;                                                              kotlinx.coroutines.test.TestBuildersJvmKt.createTestResult                             (TestBuildersJvm.kt:10)              &#10;                                                 kotlinx.coroutines.test.TestBuildersKt__TestBuildersKt.runTest-8Mi8wO0                              (TestBuilders.kt:310)                &#10;                                                                 kotlinx.coroutines.test.TestBuildersKt.runTest-8Mi8wO0                              (-:1)                                &#10;                                                 kotlinx.coroutines.test.TestBuildersKt__TestBuildersKt.runTest-8Mi8wO0                              (TestBuilders.kt:168)                &#10;                                                                 kotlinx.coroutines.test.TestBuildersKt.runTest-8Mi8wO0                              (-:1)                                &#10;                                                 kotlinx.coroutines.test.TestBuildersKt__TestBuildersKt.runTest-8Mi8wO0$default                      (TestBuilders.kt:160)                &#10;                                                                 kotlinx.coroutines.test.TestBuildersKt.runTest-8Mi8wO0$default                      (-:1)                                &#10;                                                com.oneid.totem.data.print.PrinterConnectionManagerTest.printWithReconnect closes on print failure   (PrinterConnectionManagerTest.kt:105)&#10;                                                        jdk.internal.reflect.DirectMethodHandleAccessor.invoke                                       (DirectMethodHandleAccessor.java:103)&#10;                                                                               java.lang.reflect.Method.invoke                                       (Method.java:580)                    &#10;                                                              org.junit.runners.model.FrameworkMethod$1.runReflectiveCall                            (FrameworkMethod.java:59)            &#10;                                                    org.junit.internal.runners.model.ReflectiveCallable.run                                          (ReflectiveCallable.java:12)         &#10;                                                                org.junit.runners.model.FrameworkMethod.invokeExplosively                            (FrameworkMethod.java:56)            &#10;                                                     org.junit.internal.runners.statements.InvokeMethod.evaluate                                     (InvokeMethod.java:17)               &#10;                                                       org.junit.internal.runners.statements.RunBefores.evaluate                                     (RunBefores.java:26)                 &#10;                                                                       org.junit.runners.ParentRunner$3.evaluate                                     (ParentRunner.java:306)              &#10;                                               org.robolectric.RobolectricTestRunner$HelperTestRunner$1.evaluate                                     (RobolectricTestRunner.java:502)     &#10;                                                           org.robolectric.internal.SandboxTestRunner$2.lambda$evaluate$2                            (SandboxTestRunner.java:285)         &#10;                                                              org.robolectric.internal.bytecode.Sandbox.lambda$runOnMainThread$0                     (Sandbox.java:104)                   &#10;                                                                        java.util.concurrent.FutureTask.run                                          (FutureTask.java:317)                &#10;                                                                java.util.concurrent.ThreadPoolExecutor.runWorker                                    (ThreadPoolExecutor.java:1144)       &#10;                                                         java.util.concurrent.ThreadPoolExecutor$Worker.run                                          (ThreadPoolExecutor.java:642)        &#10;                                                                                       java.lang.Thread.run                                          (Thread.java:1583)                   &#10;&#10;4)                                                                       io.mockk.impl.InternalPlatform.captureStackTrace                            (InternalPlatform.kt:130)            &#10;                                                                           io.mockk.impl.stub.MockKStub.handleInvocation                             (MockKStub.kt:255)                   &#10;                                         io.mockk.impl.instantiation.JvmMockFactoryHelper$mockHandler$1.invocation                                   (JvmMockFactoryHelper.kt:24)         &#10;                                                                  io.mockk.proxy.jvm.advice.Interceptor.call                                         (Interceptor.kt:21)                  &#10;                                                                   io.mockk.proxy.jvm.advice.BaseAdvice.handle                                       (BaseAdvice.kt:42)                   &#10;                                                 io.mockk.proxy.jvm.advice.jvm.JvmMockKProxyInterceptor.interceptNoSuper                             (JvmMockKProxyInterceptor.java:44)   &#10;                                                    com.oneid.totem.data.print.BrotherPrinter$Subclass1.close                                        (-:-1)                               &#10;                                                    com.oneid.totem.data.print.PrinterConnectionManager.printWithReconnect                           (PrinterConnectionManager.kt:56)     &#10;                                                    com.oneid.totem.data.print.PrinterConnectionManager.printWithReconnect$default                   (PrinterConnectionManager.kt:46)     &#10;   com.oneid.totem.data.print.PrinterConnectionManagerTest$printWithReconnect closes on print failure$1.invokeSuspend                                (PrinterConnectionManagerTest.kt:112)&#10;   com.oneid.totem.data.print.PrinterConnectionManagerTest$printWithReconnect closes on print failure$1.invoke                                       (PrinterConnectionManagerTest.kt:-1) &#10;   com.oneid.totem.data.print.PrinterConnectionManagerTest$printWithReconnect closes on print failure$1.invoke                                       (PrinterConnectionManagerTest.kt:-1) &#10;                                   kotlinx.coroutines.test.TestBuildersKt__TestBuildersKt$runTest$2$1$1.invokeSuspend                                (TestBuilders.kt:318)                &#10;                                                    kotlin.coroutines.jvm.internal.BaseContinuationImpl.resumeWith                                   (ContinuationImpl.kt:33)             &#10;                                                                      kotlinx.coroutines.DispatchedTask.run                                          (DispatchedTask.kt:101)              &#10;                                                                 kotlinx.coroutines.test.TestDispatcher.processEvent$kotlinx_coroutines_test         (TestDispatcher.kt:24)               &#10;                                                         kotlinx.coroutines.test.TestCoroutineScheduler.tryRunNextTaskUnless$kotlinx_coroutines_test (TestCoroutineScheduler.kt:99)       &#10;                        kotlinx.coroutines.test.TestBuildersKt__TestBuildersKt$runTest$2$1$workRunner$1.invokeSuspend                                (TestBuilders.kt:327)                &#10;                                                    kotlin.coroutines.jvm.internal.BaseContinuationImpl.resumeWith                                   (ContinuationImpl.kt:33)             &#10;                                                                      kotlinx.coroutines.DispatchedTask.run                                          (DispatchedTask.kt:101)              &#10;                                                                   kotlinx.coroutines.EventLoopImplBase.processNextEvent                             (EventLoop.common.kt:263)            &#10;                                                                   kotlinx.coroutines.BlockingCoroutine.joinBlocking                                 (Builders.kt:95)                     &#10;                                                              kotlinx.coroutines.BuildersKt__BuildersKt.runBlocking                                  (Builders.kt:69)                     &#10;                                                                          kotlinx.coroutines.BuildersKt.runBlocking                                  (-:1)                                &#10;                                                              kotlinx.coroutines.BuildersKt__BuildersKt.runBlocking$default                          (Builders.kt:47)                     &#10;                                                                          kotlinx.coroutines.BuildersKt.runBlocking$default                          (-:1)                                &#10;                                                              kotlinx.coroutines.test.TestBuildersJvmKt.createTestResult                             (TestBuildersJvm.kt:10)              &#10;                                                 kotlinx.coroutines.test.TestBuildersKt__TestBuildersKt.runTest-8Mi8wO0                              (TestBuilders.kt:310)                &#10;                                                                 kotlinx.coroutines.test.TestBuildersKt.runTest-8Mi8wO0                              (-:1)                                &#10;                                                 kotlinx.coroutines.test.TestBuildersKt__TestBuildersKt.runTest-8Mi8wO0                              (TestBuilders.kt:168)                &#10;                                                                 kotlinx.coroutines.test.TestBuildersKt.runTest-8Mi8wO0                              (-:1)                                &#10;                                                 kotlinx.coroutines.test.TestBuildersKt__TestBuildersKt.runTest-8Mi8wO0$default                      (TestBuilders.kt:160)                &#10;                                                                 kotlinx.coroutines.test.TestBuildersKt.runTest-8Mi8wO0$default                      (-:1)                                &#10;                                                com.oneid.totem.data.print.PrinterConnectionManagerTest.printWithReconnect closes on print failure   (PrinterConnectionManagerTest.kt:105)&#10;                                                        jdk.internal.reflect.DirectMethodHandleAccessor.invoke                                       (DirectMethodHandleAccessor.java:103)&#10;                                                                               java.lang.reflect.Method.invoke                                       (Method.java:580)                    &#10;                                                              org.junit.runners.model.FrameworkMethod$1.runReflectiveCall                            (FrameworkMethod.java:59)            &#10;                                                    org.junit.internal.runners.model.ReflectiveCallable.run                                          (ReflectiveCallable.java:12)         &#10;                                                                org.junit.runners.model.FrameworkMethod.invokeExplosively                            (FrameworkMethod.java:56)            &#10;                                                     org.junit.internal.runners.statements.InvokeMethod.evaluate                                     (InvokeMethod.java:17)               &#10;                                                       org.junit.internal.runners.statements.RunBefores.evaluate                                     (RunBefores.java:26)                 &#10;                                                                       org.junit.runners.ParentRunner$3.evaluate                                     (ParentRunner.java:306)              &#10;                                               org.robolectric.RobolectricTestRunner$HelperTestRunner$1.evaluate                                     (RobolectricTestRunner.java:502)     &#10;                                                           org.robolectric.internal.SandboxTestRunner$2.lambda$evaluate$2                            (SandboxTestRunner.java:285)         &#10;                                                              org.robolectric.internal.bytecode.Sandbox.lambda$runOnMainThread$0                     (Sandbox.java:104)                   &#10;                                                                        java.util.concurrent.FutureTask.run                                          (FutureTask.java:317)                &#10;                                                                java.util.concurrent.ThreadPoolExecutor.runWorker                                    (ThreadPoolExecutor.java:1144)       &#10;                                                         java.util.concurrent.ThreadPoolExecutor$Worker.run                                          (ThreadPoolExecutor.java:642)        &#10;                                                                                       java.lang.Thread.run                                          (Thread.java:1583)                   " type="java.lang.AssertionError">java.lang.AssertionError: Verification failed: call 1 of 1: BrotherPrinter(printer#62).close()). 2 matching calls found, but needs exactly 1 calls
Calls:
1) BrotherPrinter(printer#62).close()
2) BrotherPrinter(printer#62).connect(192.168.1.100, 9100, continuation {})
3) BrotherPrinter(printer#62).printBitmap(android.graphics.Bitmap@42400420, 1, continuation {})
4) BrotherPrinter(printer#62).close()


Stack traces:
1)                                                                       io.mockk.impl.InternalPlatform.captureStackTrace                            (InternalPlatform.kt:130)            
                                                                           io.mockk.impl.stub.MockKStub.handleInvocation                             (MockKStub.kt:255)                   
                                         io.mockk.impl.instantiation.JvmMockFactoryHelper$mockHandler$1.invocation                                   (JvmMockFactoryHelper.kt:24)         
                                                                  io.mockk.proxy.jvm.advice.Interceptor.call                                         (Interceptor.kt:21)                  
                                                                   io.mockk.proxy.jvm.advice.BaseAdvice.handle                                       (BaseAdvice.kt:42)                   
                                                 io.mockk.proxy.jvm.advice.jvm.JvmMockKProxyInterceptor.interceptNoSuper                             (JvmMockKProxyInterceptor.java:44)   
                                                    com.oneid.totem.data.print.BrotherPrinter$Subclass1.close                                        (-:-1)                               
                                                    com.oneid.totem.data.print.PrinterConnectionManager.ensureConnected                              (PrinterConnectionManager.kt:28)     
                                                    com.oneid.totem.data.print.PrinterConnectionManager.printWithReconnect                           (PrinterConnectionManager.kt:51)     
                                                    com.oneid.totem.data.print.PrinterConnectionManager.printWithReconnect$default                   (PrinterConnectionManager.kt:46)     
   com.oneid.totem.data.print.PrinterConnectionManagerTest$printWithReconnect closes on print failure$1.invokeSuspend                                (PrinterConnectionManagerTest.kt:112)
   com.oneid.totem.data.print.PrinterConnectionManagerTest$printWithReconnect closes on print failure$1.invoke                                       (PrinterConnectionManagerTest.kt:-1) 
   com.oneid.totem.data.print.PrinterConnectionManagerTest$printWithReconnect closes on print failure$1.invoke                                       (PrinterConnectionManagerTest.kt:-1) 
                                   kotlinx.coroutines.test.TestBuildersKt__TestBuildersKt$runTest$2$1$1.invokeSuspend                                (TestBuilders.kt:318)                
                                                    kotlin.coroutines.jvm.internal.BaseContinuationImpl.resumeWith                                   (ContinuationImpl.kt:33)             
                                                                      kotlinx.coroutines.DispatchedTask.run                                          (DispatchedTask.kt:101)              
                                                                 kotlinx.coroutines.test.TestDispatcher.processEvent$kotlinx_coroutines_test         (TestDispatcher.kt:24)               
                                                         kotlinx.coroutines.test.TestCoroutineScheduler.tryRunNextTaskUnless$kotlinx_coroutines_test (TestCoroutineScheduler.kt:99)       
                        kotlinx.coroutines.test.TestBuildersKt__TestBuildersKt$runTest$2$1$workRunner$1.invokeSuspend                                (TestBuilders.kt:327)                
                                                    kotlin.coroutines.jvm.internal.BaseContinuationImpl.resumeWith                                   (ContinuationImpl.kt:33)             
                                                                      kotlinx.coroutines.DispatchedTask.run                                          (DispatchedTask.kt:101)              
                                                                   kotlinx.coroutines.EventLoopImplBase.processNextEvent                             (EventLoop.common.kt:263)            
                                                                   kotlinx.coroutines.BlockingCoroutine.joinBlocking                                 (Builders.kt:95)                     
                                                              kotlinx.coroutines.BuildersKt__BuildersKt.runBlocking                                  (Builders.kt:69)                     
                                                                          kotlinx.coroutines.BuildersKt.runBlocking                                  (-:1)                                
                                                              kotlinx.coroutines.BuildersKt__BuildersKt.runBlocking$default                          (Builders.kt:47)                     
                                                                          kotlinx.coroutines.BuildersKt.runBlocking$default                          (-:1)                                
                                                              kotlinx.coroutines.test.TestBuildersJvmKt.createTestResult                             (TestBuildersJvm.kt:10)              
                                                 kotlinx.coroutines.test.TestBuildersKt__TestBuildersKt.runTest-8Mi8wO0                              (TestBuilders.kt:310)                
                                                                 kotlinx.coroutines.test.TestBuildersKt.runTest-8Mi8wO0                              (-:1)                                
                                                 kotlinx.coroutines.test.TestBuildersKt__TestBuildersKt.runTest-8Mi8wO0                              (TestBuilders.kt:168)                
                                                                 kotlinx.coroutines.test.TestBuildersKt.runTest-8Mi8wO0                              (-:1)                                
                                                 kotlinx.coroutines.test.TestBuildersKt__TestBuildersKt.runTest-8Mi8wO0$default                      (TestBuilders.kt:160)                
                                                                 kotlinx.coroutines.test.TestBuildersKt.runTest-8Mi8wO0$default                      (-:1)                                
                                                com.oneid.totem.data.print.PrinterConnectionManagerTest.printWithReconnect closes on print failure   (PrinterConnectionManagerTest.kt:105)
                                                        jdk.internal.reflect.DirectMethodHandleAccessor.invoke                                       (DirectMethodHandleAccessor.java:103)
                                                                               java.lang.reflect.Method.invoke                                       (Method.java:580)                    
                                                              org.junit.runners.model.FrameworkMethod$1.runReflectiveCall                            (FrameworkMethod.java:59)            
                                                    org.junit.internal.runners.model.ReflectiveCallable.run                                          (ReflectiveCallable.java:12)         
                                                                org.junit.runners.model.FrameworkMethod.invokeExplosively                            (FrameworkMethod.java:56)            
                                                     org.junit.internal.runners.statements.InvokeMethod.evaluate                                     (InvokeMethod.java:17)               
                                                       org.junit.internal.runners.statements.RunBefores.evaluate                                     (RunBefores.java:26)                 
                                                                       org.junit.runners.ParentRunner$3.evaluate                                     (ParentRunner.java:306)              
                                               org.robolectric.RobolectricTestRunner$HelperTestRunner$1.evaluate                                     (RobolectricTestRunner.java:502)     
                                                           org.robolectric.internal.SandboxTestRunner$2.lambda$evaluate$2                            (SandboxTestRunner.java:285)         
                                                              org.robolectric.internal.bytecode.Sandbox.lambda$runOnMainThread$0                     (Sandbox.java:104)                   
                                                                        java.util.concurrent.FutureTask.run                                          (FutureTask.java:317)                
                                                                java.util.concurrent.ThreadPoolExecutor.runWorker                                    (ThreadPoolExecutor.java:1144)       
                                                         java.util.concurrent.ThreadPoolExecutor$Worker.run                                          (ThreadPoolExecutor.java:642)        
                                                                                       java.lang.Thread.run                                          (Thread.java:1583)                   

2)                                                                       io.mockk.impl.InternalPlatform.captureStackTrace                            (InternalPlatform.kt:130)            
                                                                           io.mockk.impl.stub.MockKStub.handleInvocation                             (MockKStub.kt:255)                   
                                         io.mockk.impl.instantiation.JvmMockFactoryHelper$mockHandler$1.invocation                                   (JvmMockFactoryHelper.kt:24)         
                                                                  io.mockk.proxy.jvm.advice.Interceptor.call                                         (Interceptor.kt:21)                  
                                                                   io.mockk.proxy.jvm.advice.BaseAdvice.handle                                       (BaseAdvice.kt:42)                   
                                                 io.mockk.proxy.jvm.advice.jvm.JvmMockKProxyInterceptor.interceptNoSuper                             (JvmMockKProxyInterceptor.java:44)   
                                                    com.oneid.totem.data.print.BrotherPrinter$Subclass1.connect                                      (-:-1)                               
                                                 com.oneid.totem.data.print.BrotherPrinter$DefaultImpls.connect$default                              (BrotherPrinter.kt:25)               
                                                    com.oneid.totem.data.print.PrinterConnectionManager.ensureConnected                              (PrinterConnectionManager.kt:33)     
                                                    com.oneid.totem.data.print.PrinterConnectionManager.printWithReconnect                           (PrinterConnectionManager.kt:51)     
                                                    com.oneid.totem.data.print.PrinterConnectionManager.printWithReconnect$default                   (PrinterConnectionManager.kt:46)     
   com.oneid.totem.data.print.PrinterConnectionManagerTest$printWithReconnect closes on print failure$1.invokeSuspend                                (PrinterConnectionManagerTest.kt:112)
   com.oneid.totem.data.print.PrinterConnectionManagerTest$printWithReconnect closes on print failure$1.invoke                                       (PrinterConnectionManagerTest.kt:-1) 
   com.oneid.totem.data.print.PrinterConnectionManagerTest$printWithReconnect closes on print failure$1.invoke                                       (PrinterConnectionManagerTest.kt:-1) 
                                   kotlinx.coroutines.test.TestBuildersKt__TestBuildersKt$runTest$2$1$1.invokeSuspend                                (TestBuilders.kt:318)                
                                                    kotlin.coroutines.jvm.internal.BaseContinuationImpl.resumeWith                                   (ContinuationImpl.kt:33)             
                                                                      kotlinx.coroutines.DispatchedTask.run                                          (DispatchedTask.kt:101)              
                                                                 kotlinx.coroutines.test.TestDispatcher.processEvent$kotlinx_coroutines_test         (TestDispatcher.kt:24)               
                                                         kotlinx.coroutines.test.TestCoroutineScheduler.tryRunNextTaskUnless$kotlinx_coroutines_test (TestCoroutineScheduler.kt:99)       
                        kotlinx.coroutines.test.TestBuildersKt__TestBuildersKt$runTest$2$1$workRunner$1.invokeSuspend                                (TestBuilders.kt:327)                
                                                    kotlin.coroutines.jvm.internal.BaseContinuationImpl.resumeWith                                   (ContinuationImpl.kt:33)             
                                                                      kotlinx.coroutines.DispatchedTask.run                                          (DispatchedTask.kt:101)              
                                                                   kotlinx.coroutines.EventLoopImplBase.processNextEvent                             (EventLoop.common.kt:263)            
                                                                   kotlinx.coroutines.BlockingCoroutine.joinBlocking                                 (Builders.kt:95)                     
                                                              kotlinx.coroutines.BuildersKt__BuildersKt.runBlocking                                  (Builders.kt:69)                     
                                                                          kotlinx.coroutines.BuildersKt.runBlocking                                  (-:1)                                
                                                              kotlinx.coroutines.BuildersKt__BuildersKt.runBlocking$default                          (Builders.kt:47)                     
                                                                          kotlinx.coroutines.BuildersKt.runBlocking$default                          (-:1)                                
                                                              kotlinx.coroutines.test.TestBuildersJvmKt.createTestResult                             (TestBuildersJvm.kt:10)              
                                                 kotlinx.coroutines.test.TestBuildersKt__TestBuildersKt.runTest-8Mi8wO0                              (TestBuilders.kt:310)                
                                                                 kotlinx.coroutines.test.TestBuildersKt.runTest-8Mi8wO0                              (-:1)                                
                                                 kotlinx.coroutines.test.TestBuildersKt__TestBuildersKt.runTest-8Mi8wO0                              (TestBuilders.kt:168)                
                                                                 kotlinx.coroutines.test.TestBuildersKt.runTest-8Mi8wO0                              (-:1)                                
                                                 kotlinx.coroutines.test.TestBuildersKt__TestBuildersKt.runTest-8Mi8wO0$default                      (TestBuilders.kt:160)                
                                                                 kotlinx.coroutines.test.TestBuildersKt.runTest-8Mi8wO0$default                      (-:1)                                
                                                com.oneid.totem.data.print.PrinterConnectionManagerTest.printWithReconnect closes on print failure   (PrinterConnectionManagerTest.kt:105)
                                                        jdk.internal.reflect.DirectMethodHandleAccessor.invoke                                       (DirectMethodHandleAccessor.java:103)
                                                                               java.lang.reflect.Method.invoke                                       (Method.java:580)                    
                                                              org.junit.runners.model.FrameworkMethod$1.runReflectiveCall                            (FrameworkMethod.java:59)            
                                                    org.junit.internal.runners.model.ReflectiveCallable.run                                          (ReflectiveCallable.java:12)         
                                                                org.junit.runners.model.FrameworkMethod.invokeExplosively                            (FrameworkMethod.java:56)            
                                                     org.junit.internal.runners.statements.InvokeMethod.evaluate                                     (InvokeMethod.java:17)               
                                                       org.junit.internal.runners.statements.RunBefores.evaluate                                     (RunBefores.java:26)                 
                                                                       org.junit.runners.ParentRunner$3.evaluate                                     (ParentRunner.java:306)              
                                               org.robolectric.RobolectricTestRunner$HelperTestRunner$1.evaluate                                     (RobolectricTestRunner.java:502)     
                                                           org.robolectric.internal.SandboxTestRunner$2.lambda$evaluate$2                            (SandboxTestRunner.java:285)         
                                                              org.robolectric.internal.bytecode.Sandbox.lambda$runOnMainThread$0                     (Sandbox.java:104)                   
                                                                        java.util.concurrent.FutureTask.run                                          (FutureTask.java:317)                
                                                                java.util.concurrent.ThreadPoolExecutor.runWorker                                    (ThreadPoolExecutor.java:1144)       
                                                         java.util.concurrent.ThreadPoolExecutor$Worker.run                                          (ThreadPoolExecutor.java:642)        
                                                                                       java.lang.Thread.run                                          (Thread.java:1583)                   

3)                                                                       io.mockk.impl.InternalPlatform.captureStackTrace                            (InternalPlatform.kt:130)            
                                                                           io.mockk.impl.stub.MockKStub.handleInvocation                             (MockKStub.kt:255)                   
                                         io.mockk.impl.instantiation.JvmMockFactoryHelper$mockHandler$1.invocation                                   (JvmMockFactoryHelper.kt:24)         
                                                                  io.mockk.proxy.jvm.advice.Interceptor.call                                         (Interceptor.kt:21)                  
                                                                   io.mockk.proxy.jvm.advice.BaseAdvice.handle                                       (BaseAdvice.kt:42)                   
                                                 io.mockk.proxy.jvm.advice.jvm.JvmMockKProxyInterceptor.interceptNoSuper                             (JvmMockKProxyInterceptor.java:44)   
                                                    com.oneid.totem.data.print.BrotherPrinter$Subclass1.printBitmap                                  (-:-1)                               
                                                    com.oneid.totem.data.print.PrinterConnectionManager.printWithReconnect                           (PrinterConnectionManager.kt:54)     
                                                    com.oneid.totem.data.print.PrinterConnectionManager.printWithReconnect$default                   (PrinterConnectionManager.kt:46)     
   com.oneid.totem.data.print.PrinterConnectionManagerTest$printWithReconnect closes on print failure$1.invokeSuspend                                (PrinterConnectionManagerTest.kt:112)
   com.oneid.totem.data.print.PrinterConnectionManagerTest$printWithReconnect closes on print failure$1.invoke                                       (PrinterConnectionManagerTest.kt:-1) 
   com.oneid.totem.data.print.PrinterConnectionManagerTest$printWithReconnect closes on print failure$1.invoke                                       (PrinterConnectionManagerTest.kt:-1) 
                                   kotlinx.coroutines.test.TestBuildersKt__TestBuildersKt$runTest$2$1$1.invokeSuspend                                (TestBuilders.kt:318)                
                                                    kotlin.coroutines.jvm.internal.BaseContinuationImpl.resumeWith                                   (ContinuationImpl.kt:33)             
                                                                      kotlinx.coroutines.DispatchedTask.run                                          (DispatchedTask.kt:101)              
                                                                 kotlinx.coroutines.test.TestDispatcher.processEvent$kotlinx_coroutines_test         (TestDispatcher.kt:24)               
                                                         kotlinx.coroutines.test.TestCoroutineScheduler.tryRunNextTaskUnless$kotlinx_coroutines_test (TestCoroutineScheduler.kt:99)       
                        kotlinx.coroutines.test.TestBuildersKt__TestBuildersKt$runTest$2$1$workRunner$1.invokeSuspend                                (TestBuilders.kt:327)                
                                                    kotlin.coroutines.jvm.internal.BaseContinuationImpl.resumeWith                                   (ContinuationImpl.kt:33)             
                                                                      kotlinx.coroutines.DispatchedTask.run                                          (DispatchedTask.kt:101)              
                                                                   kotlinx.coroutines.EventLoopImplBase.processNextEvent                             (EventLoop.common.kt:263)            
                                                                   kotlinx.coroutines.BlockingCoroutine.joinBlocking                                 (Builders.kt:95)                     
                                                              kotlinx.coroutines.BuildersKt__BuildersKt.runBlocking                                  (Builders.kt:69)                     
                                                                          kotlinx.coroutines.BuildersKt.runBlocking                                  (-:1)                                
                                                              kotlinx.coroutines.BuildersKt__BuildersKt.runBlocking$default                          (Builders.kt:47)                     
                                                                          kotlinx.coroutines.BuildersKt.runBlocking$default                          (-:1)                                
                                                              kotlinx.coroutines.test.TestBuildersJvmKt.createTestResult                             (TestBuildersJvm.kt:10)              
                                                 kotlinx.coroutines.test.TestBuildersKt__TestBuildersKt.runTest-8Mi8wO0                              (TestBuilders.kt:310)                
                                                                 kotlinx.coroutines.test.TestBuildersKt.runTest-8Mi8wO0                              (-:1)                                
                                                 kotlinx.coroutines.test.TestBuildersKt__TestBuildersKt.runTest-8Mi8wO0                              (TestBuilders.kt:168)                
                                                                 kotlinx.coroutines.test.TestBuildersKt.runTest-8Mi8wO0                              (-:1)                                
                                                 kotlinx.coroutines.test.TestBuildersKt__TestBuildersKt.runTest-8Mi8wO0$default                      (TestBuilders.kt:160)                
                                                                 kotlinx.coroutines.test.TestBuildersKt.runTest-8Mi8wO0$default                      (-:1)                                
                                                com.oneid.totem.data.print.PrinterConnectionManagerTest.printWithReconnect closes on print failure   (PrinterConnectionManagerTest.kt:105)
                                                        jdk.internal.reflect.DirectMethodHandleAccessor.invoke                                       (DirectMethodHandleAccessor.java:103)
                                                                               java.lang.reflect.Method.invoke                                       (Method.java:580)                    
                                                              org.junit.runners.model.FrameworkMethod$1.runReflectiveCall                            (FrameworkMethod.java:59)            
                                                    org.junit.internal.runners.model.ReflectiveCallable.run                                          (ReflectiveCallable.java:12)         
                                                                org.junit.runners.model.FrameworkMethod.invokeExplosively                            (FrameworkMethod.java:56)            
                                                     org.junit.internal.runners.statements.InvokeMethod.evaluate                                     (InvokeMethod.java:17)               
                                                       org.junit.internal.runners.statements.RunBefores.evaluate                                     (RunBefores.java:26)                 
                                                                       org.junit.runners.ParentRunner$3.evaluate                                     (ParentRunner.java:306)              
                                               org.robolectric.RobolectricTestRunner$HelperTestRunner$1.evaluate                                     (RobolectricTestRunner.java:502)     
                                                           org.robolectric.internal.SandboxTestRunner$2.lambda$evaluate$2                            (SandboxTestRunner.java:285)         
                                                              org.robolectric.internal.bytecode.Sandbox.lambda$runOnMainThread$0                     (Sandbox.java:104)                   
                                                                        java.util.concurrent.FutureTask.run                                          (FutureTask.java:317)                
                                                                java.util.concurrent.ThreadPoolExecutor.runWorker                                    (ThreadPoolExecutor.java:1144)       
                                                         java.util.concurrent.ThreadPoolExecutor$Worker.run                                          (ThreadPoolExecutor.java:642)        
                                                                                       java.lang.Thread.run                                          (Thread.java:1583)                   

4)                                                                       io.mockk.impl.InternalPlatform.captureStackTrace                            (InternalPlatform.kt:130)            
                                                                           io.mockk.impl.stub.MockKStub.handleInvocation                             (MockKStub.kt:255)                   
                                         io.mockk.impl.instantiation.JvmMockFactoryHelper$mockHandler$1.invocation                                   (JvmMockFactoryHelper.kt:24)         
                                                                  io.mockk.proxy.jvm.advice.Interceptor.call                                         (Interceptor.kt:21)                  
                                                                   io.mockk.proxy.jvm.advice.BaseAdvice.handle                                       (BaseAdvice.kt:42)                   
                                                 io.mockk.proxy.jvm.advice.jvm.JvmMockKProxyInterceptor.interceptNoSuper                             (JvmMockKProxyInterceptor.java:44)   
                                                    com.oneid.totem.data.print.BrotherPrinter$Subclass1.close                                        (-:-1)                               
                                                    com.oneid.totem.data.print.PrinterConnectionManager.printWithReconnect                           (PrinterConnectionManager.kt:56)     
                                                    com.oneid.totem.data.print.PrinterConnectionManager.printWithReconnect$default                   (PrinterConnectionManager.kt:46)     
[...]
	at kotlinx.coroutines.test.TestBuildersKt__TestBuildersKt$runTest$2$1$1.invokeSuspend(TestBuilders.kt:318)
	at app//kotlin.coroutines.jvm.internal.BaseContinuationImpl.resumeWith(ContinuationImpl.kt:33)
	at kotlinx.coroutines.DispatchedTask.run(DispatchedTask.kt:101)
	at kotlinx.coroutines.test.TestDispatcher.processEvent$kotlinx_coroutines_test(TestDispatcher.kt:24)
	at kotlinx.coroutines.test.TestCoroutineScheduler.tryRunNextTaskUnless$kotlinx_coroutines_test(TestCoroutineScheduler.kt:99)
	at kotlinx.coroutines.test.TestBuildersKt__TestBuildersKt$runTest$2$1$workRunner$1.invokeSuspend(TestBuilders.kt:327)
	at app//kotlin.coroutines.jvm.internal.BaseContinuationImpl.resumeWith(ContinuationImpl.kt:33)
	at kotlinx.coroutines.DispatchedTask.run(DispatchedTask.kt:101)
	at kotlinx.coroutines.EventLoopImplBase.processNextEvent(EventLoop.common.kt:263)
	at kotlinx.coroutines.BlockingCoroutine.joinBlocking(Builders.kt:95)
	at kotlinx.coroutines.BuildersKt__BuildersKt.runBlocking(Builders.kt:69)
	at kotlinx.coroutines.BuildersKt.runBlocking(Unknown Source)
	at kotlinx.coroutines.BuildersKt__BuildersKt.runBlocking$default(Builders.kt:47)
	at kotlinx.coroutines.BuildersKt.runBlocking$default(Unknown Source)
	at kotlinx.coroutines.test.TestBuildersJvmKt.createTestResult(TestBuildersJvm.kt:10)
	at kotlinx.coroutines.test.TestBuildersKt__TestBuildersKt.runTest-8Mi8wO0(TestBuilders.kt:310)
	at kotlinx.coroutines.test.TestBuildersKt.runTest-8Mi8wO0(Unknown Source)
	at kotlinx.coroutines.test.TestBuildersKt__TestBuildersKt.runTest-8Mi8wO0(TestBuilders.kt:168)
	at kotlinx.coroutines.test.TestBuildersKt.runTest-8Mi8wO0(Unknown Source)
	at kotlinx.coroutines.test.TestBuildersKt__TestBuildersKt.runTest-8Mi8wO0$default(TestBuilders.kt:160)
	at kotlinx.coroutines.test.TestBuildersKt.runTest-8Mi8wO0$default(Unknown Source)
	at com.oneid.totem.data.print.PrinterConnectionManagerTest.ensureConnected retries up to MAX_RETRIES then fails(PrinterConnectionManagerTest.kt:79)
	at java.base@21.0.11/jdk.internal.reflect.DirectMethodHandleAccessor.invoke(DirectMethodHandleAccessor.java:103)
	at java.base@21.0.11/java.lang.reflect.Method.invoke(Method.java:580)
	at app//org.junit.runners.model.FrameworkMethod$1.runReflectiveCall(FrameworkMethod.java:59)
	at app//org.junit.internal.runners.model.ReflectiveCallable.run(ReflectiveCallable.java:12)
	at app//org.junit.runners.model.FrameworkMethod.invokeExplosively(FrameworkMethod.java:56)
	at app//org.junit.internal.runners.statements.InvokeMethod.evaluate(InvokeMethod.java:17)
	at app//org.junit.internal.runners.statements.RunBefores.evaluate(RunBefores.java:26)
	at app//org.junit.runners.ParentRunner$3.evaluate(ParentRunner.java:306)
	at app//org.robolectric.RobolectricTestRunner$HelperTestRunner$1.evaluate(RobolectricTestRunner.java:502)
	at app//org.robolectric.internal.SandboxTestRunner$2.lambda$evaluate$2(SandboxTestRunner.java:285)
	at app//org.robolectric.internal.bytecode.Sandbox.lambda$runOnMainThread$0(Sandbox.java:104)
	at java.base@21.0.11/java.util.concurrent.FutureTask.run(FutureTask.java:317)
	at java.base@21.0.11/java.util.concurrent.ThreadPoolExecutor.runWorker(ThreadPoolExecutor.java:1144)
	at java.base@21.0.11/java.util.concurrent.ThreadPoolExecutor$Worker.run(ThreadPoolExecutor.java:642)
	at java.base@21.0.11/java.lang.Thread.run(Thread.java:1583)
</failure>
  </testcase>
  <testcase name="ensureConnected reuses existing connection to same IP" classname="com.oneid.totem.data.print.PrinterConnectionManagerTest" time="0.031">
    <failure message="io.mockk.MockKException: no answer found for BrotherPrinter(printer#68).close() among the configured answers: (BrotherPrinter(printer#68).isConnected(any()))&#10;BrotherPrinter(printer#68).connect(any(), eq(9100), any())))" type="io.mockk.MockKException">io.mockk.MockKException: no answer found for BrotherPrinter(printer#68).close() among the configured answers: (BrotherPrinter(printer#68).isConnected(any()))
BrotherPrinter(printer#68).connect(any(), eq(9100), any())))
	at io.mockk.impl.stub.MockKStub.defaultAnswer(MockKStub.kt:93)
	at io.mockk.impl.stub.MockKStub.answer(MockKStub.kt:44)
	at io.mockk.impl.recording.states.AnsweringState.call(AnsweringState.kt:16)
	at io.mockk.impl.recording.CommonCallRecorder.call(CommonCallRecorder.kt:53)
	at io.mockk.impl.stub.MockKStub.handleInvocation(MockKStub.kt:271)
	at io.mockk.impl.instantiation.JvmMockFactoryHelper$mockHandler$1.invocation(JvmMockFactoryHelper.kt:24)
	at app//io.mockk.proxy.jvm.advice.Interceptor.call(Interceptor.kt:21)
	at app//io.mockk.proxy.jvm.advice.BaseAdvice.handle(BaseAdvice.kt:42)
	at app//io.mockk.proxy.jvm.advice.jvm.JvmMockKProxyInterceptor.interceptNoSuper(JvmMockKProxyInterceptor.java:44)
	at com.oneid.totem.data.print.BrotherPrinter$Subclass1.close(Unknown Source)
	at com.oneid.totem.data.print.PrinterConnectionManager.ensureConnected(PrinterConnectionManager.kt:28)
	at com.oneid.totem.data.print.PrinterConnectionManagerTest$ensureConnected reuses existing connection to same IP$1.invokeSuspend(PrinterConnectionManagerTest.kt:47)
	at com.oneid.totem.data.print.PrinterConnectionManagerTest$ensureConnected reuses existing connection to same IP$1.invoke(PrinterConnectionManagerTest.kt)
	at com.oneid.totem.data.print.PrinterConnectionManagerTest$ensureConnected reuses existing connection to same IP$1.invoke(PrinterConnectionManagerTest.kt)
	at kotlinx.coroutines.test.TestBuildersKt__TestBuildersKt$runTest$2$1$1.invokeSuspend(TestBuilders.kt:318)
	at app//kotlin.coroutines.jvm.internal.BaseContinuationImpl.resumeWith(ContinuationImpl.kt:33)
	at kotlinx.coroutines.DispatchedTask.run(DispatchedTask.kt:101)
	at kotlinx.coroutines.test.TestDispatcher.processEvent$kotlinx_coroutines_test(TestDispatcher.kt:24)
	at kotlinx.coroutines.test.TestCoroutineScheduler.tryRunNextTaskUnless$kotlinx_coroutines_test(TestCoroutineScheduler.kt:99)
	at kotlinx.coroutines.test.TestBuildersKt__TestBuildersKt$runTest$2$1$workRunner$1.invokeSuspend(TestBuilders.kt:327)
	at app//kotlin.coroutines.jvm.internal.BaseContinuationImpl.resumeWith(ContinuationImpl.kt:33)
	at kotlinx.coroutines.DispatchedTask.run(DispatchedTask.kt:101)
	at kotlinx.coroutines.EventLoopImplBase.processNextEvent(EventLoop.common.kt:263)
	at kotlinx.coroutines.BlockingCoroutine.joinBlocking(Builders.kt:95)
	at kotlinx.coroutines.BuildersKt__BuildersKt.runBlocking(Builders.kt:69)
	at kotlinx.coroutines.BuildersKt.runBlocking(Unknown Source)
	at kotlinx.coroutines.BuildersKt__BuildersKt.runBlocking$default(Builders.kt:47)
	at kotlinx.coroutines.BuildersKt.runBlocking$default(Unknown Source)
	at kotlinx.coroutines.test.TestBuildersJvmKt.createTestResult(TestBuildersJvm.kt:10)
	at kotlinx.coroutines.test.TestBuildersKt__TestBuildersKt.runTest-8Mi8wO0(TestBuilders.kt:310)
	at kotlinx.coroutines.test.TestBuildersKt.runTest-8Mi8wO0(Unknown Source)
	at kotlinx.coroutines.test.TestBuildersKt__TestBuildersKt.runTest-8Mi8wO0(TestBuilders.kt:168)
	at kotlinx.coroutines.test.TestBuildersKt.runTest-8Mi8wO0(Unknown Source)
	at kotlinx.coroutines.test.TestBuildersKt__TestBuildersKt.runTest-8Mi8wO0$default(TestBuilders.kt:160)
	at kotlinx.coroutines.test.TestBuildersKt.runTest-8Mi8wO0$default(Unknown Source)
	at com.oneid.totem.data.print.PrinterConnectionManagerTest.ensureConnected reuses existing connection to same IP(PrinterConnectionManagerTest.kt:43)
	at java.base@21.0.11/jdk.internal.reflect.DirectMethodHandleAccessor.invoke(DirectMethodHandleAccessor.java:103)
	at java.base@21.0.11/java.lang.reflect.Method.invoke(Method.java:580)
	at app//org.junit.runners.model.FrameworkMethod$1.runReflectiveCall(FrameworkMethod.java:59)
	at app//org.junit.internal.runners.model.ReflectiveCallable.run(ReflectiveCallable.java:12)
	at app//org.junit.runners.model.FrameworkMethod.invokeExplosively(FrameworkMethod.java:56)
	at app//org.junit.internal.runners.statements.InvokeMethod.evaluate(InvokeMethod.java:17)
	at app//org.junit.internal.runners.statements.RunBefores.evaluate(RunBefores.java:26)
	at app//org.junit.runners.ParentRunner$3.evaluate(ParentRunner.java:306)
	at app//org.robolectric.RobolectricTestRunner$HelperTestRunner$1.evaluate(RobolectricTestRunner.java:502)
	at app//org.robolectric.internal.SandboxTestRunner$2.lambda$evaluate$2(SandboxTestRunner.java:285)
	at app//org.robolectric.internal.bytecode.Sandbox.lambda$runOnMainThread$0(Sandbox.java:104)
	at java.base@21.0.11/java.util.concurrent.FutureTask.run(FutureTask.java:317)
	at java.base@21.0.11/java.util.concurrent.ThreadPoolExecutor.runWorker(ThreadPoolExecutor.java:1144)
	at java.base@21.0.11/java.util.concurrent.ThreadPoolExecutor$Worker.run(ThreadPoolExecutor.java:642)
	at java.base@21.0.11/java.lang.Thread.run(Thread.java:1583)
</failure>
  </testcase>
  <testcase name="printWithReconnect succeeds when connect and print succeed" classname="com.oneid.totem.data.print.PrinterConnectionManagerTest" time="0.038">
    <failure message="io.mockk.MockKException: no answer found for BrotherPrinter(printer#70).close() among the configured answers: (BrotherPrinter(printer#70).isConnected(any()))&#10;BrotherPrinter(printer#70).connect(any(), eq(9100), any()))&#10;BrotherPrinter(printer#70).printBitmap(any(), any(), any())))" type="io.mockk.MockKException">io.mockk.MockKException: no answer found for BrotherPrinter(printer#70).close() among the configured answers: (BrotherPrinter(printer#70).isConnected(any()))
BrotherPrinter(printer#70).connect(any(), eq(9100), any()))
BrotherPrinter(printer#70).printBitmap(any(), any(), any())))
	at io.mockk.impl.stub.MockKStub.defaultAnswer(MockKStub.kt:93)
	at io.mockk.impl.stub.MockKStub.answer(MockKStub.kt:44)
	at io.mockk.impl.recording.states.AnsweringState.call(AnsweringState.kt:16)
	at io.mockk.impl.recording.CommonCallRecorder.call(CommonCallRecorder.kt:53)
	at io.mockk.impl.stub.MockKStub.handleInvocation(MockKStub.kt:271)
	at io.mockk.impl.instantiation.JvmMockFactoryHelper$mockHandler$1.invocation(JvmMockFactoryHelper.kt:24)
	at app//io.mockk.proxy.jvm.advice.Interceptor.call(Interceptor.kt:21)
	at app//io.mockk.proxy.jvm.advice.BaseAdvice.handle(BaseAdvice.kt:42)
	at app//io.mockk.proxy.jvm.advice.jvm.JvmMockKProxyInterceptor.interceptNoSuper(JvmMockKProxyInterceptor.java:44)
	at com.oneid.totem.data.print.BrotherPrinter$Subclass1.close(Unknown Source)
	at com.oneid.totem.data.print.PrinterConnectionManager.ensureConnected(PrinterConnectionManager.kt:28)
	at com.oneid.totem.data.print.PrinterConnectionManager.printWithReconnect(PrinterConnectionManager.kt:51)
	at com.oneid.totem.data.print.PrinterConnectionManager.printWithReconnect$default(PrinterConnectionManager.kt:46)
	at com.oneid.totem.data.print.PrinterConnectionManagerTest$printWithReconnect succeeds when connect and print succeed$1.invokeSuspend(PrinterConnectionManagerTest.kt:97)
	at com.oneid.totem.data.print.PrinterConnectionManagerTest$printWithReconnect succeeds when connect and print succeed$1.invoke(PrinterConnectionManagerTest.kt)
	at com.oneid.totem.data.print.PrinterConnectionManagerTest$printWithReconnect succeeds when connect and print succeed$1.invoke(PrinterConnectionManagerTest.kt)
	at kotlinx.coroutines.test.TestBuildersKt__TestBuildersKt$runTest$2$1$1.invokeSuspend(TestBuilders.kt:318)
	at app//kotlin.coroutines.jvm.internal.BaseContinuationImpl.resumeWith(ContinuationImpl.kt:33)
	at kotlinx.coroutines.DispatchedTask.run(DispatchedTask.kt:101)
	at kotlinx.coroutines.test.TestDispatcher.processEvent$kotlinx_coroutines_test(TestDispatcher.kt:24)
	at kotlinx.coroutines.test.TestCoroutineScheduler.tryRunNextTaskUnless$kotlinx_coroutines_test(TestCoroutineScheduler.kt:99)
	at kotlinx.coroutines.test.TestBuildersKt__TestBuildersKt$runTest$2$1$workRunner$1.invokeSuspend(TestBuilders.kt:327)
	at app//kotlin.coroutines.jvm.internal.BaseContinuationImpl.resumeWith(ContinuationImpl.kt:33)
	at kotlinx.coroutines.DispatchedTask.run(DispatchedTask.kt:101)
	at kotlinx.coroutines.EventLoopImplBase.processNextEvent(EventLoop.common.kt:263)
	at kotlinx.coroutines.BlockingCoroutine.joinBlocking(Builders.kt:95)
	at kotlinx.coroutines.BuildersKt__BuildersKt.runBlocking(Builders.kt:69)
	at kotlinx.coroutines.BuildersKt.runBlocking(Unknown Source)
	at kotlinx.coroutines.BuildersKt__BuildersKt.runBlocking$default(Builders.kt:47)
	at kotlinx.coroutines.BuildersKt.runBlocking$default(Unknown Source)
	at kotlinx.coroutines.test.TestBuildersJvmKt.createTestResult(TestBuildersJvm.kt:10)
	at kotlinx.coroutines.test.TestBuildersKt__TestBuildersKt.runTest-8Mi8wO0(TestBuilders.kt:310)
	at kotlinx.coroutines.test.TestBuildersKt.runTest-8Mi8wO0(Unknown Source)
	at kotlinx.coroutines.test.TestBuildersKt__TestBuildersKt.runTest-8Mi8wO0(TestBuilders.kt:168)
	at kotlinx.coroutines.test.TestBuildersKt.runTest-8Mi8wO0(Unknown Source)
	at kotlinx.coroutines.test.TestBuildersKt__TestBuildersKt.runTest-8Mi8wO0$default(TestBuilders.kt:160)
	at kotlinx.coroutines.test.TestBuildersKt.runTest-8Mi8wO0$default(Unknown Source)
	at com.oneid.totem.data.print.PrinterConnectionManagerTest.printWithReconnect succeeds when connect and print succeed(PrinterConnectionManagerTest.kt:91)
	at java.base@21.0.11/jdk.internal.reflect.DirectMethodHandleAccessor.invoke(DirectMethodHandleAccessor.java:103)
	at java.base@21.0.11/java.lang.reflect.Method.invoke(Method.java:580)
	at app//org.junit.runners.model.FrameworkMethod$1.runReflectiveCall(FrameworkMethod.java:59)
	at app//org.junit.internal.runners.model.ReflectiveCallable.run(ReflectiveCallable.java:12)
	at app//org.junit.runners.model.FrameworkMethod.invokeExplosively(FrameworkMethod.java:56)
	at app//org.junit.internal.runners.statements.InvokeMethod.evaluate(InvokeMethod.java:17)
	at app//org.junit.internal.runners.statements.RunBefores.evaluate(RunBefores.java:26)
	at app//org.junit.runners.ParentRunner$3.evaluate(ParentRunner.java:306)
	at app//org.robolectric.RobolectricTestRunner$HelperTestRunner$1.evaluate(RobolectricTestRunner.java:502)
	at app//org.robolectric.internal.SandboxTestRunner$2.lambda$evaluate$2(SandboxTestRunner.java:285)
	at app//org.robolectric.internal.bytecode.Sandbox.lambda$runOnMainThread$0(Sandbox.java:104)
	at java.base@21.0.11/java.util.concurrent.FutureTask.run(FutureTask.java:317)
	at java.base@21.0.11/java.util.concurrent.ThreadPoolExecutor.runWorker(ThreadPoolExecutor.java:1144)
	at java.base@21.0.11/java.util.concurrent.ThreadPoolExecutor$Worker.run(ThreadPoolExecutor.java:642)
	at java.base@21.0.11/java.lang.Thread.run(Thread.java:1583)
</failure>
  </testcase>
  <testcase name="ensureConnected reconnects when IP changes" classname="com.oneid.totem.data.print.PrinterConnectionManagerTest" time="0.031">
    <failure message="io.mockk.MockKException: no answer found for BrotherPrinter(printer#73).close() among the configured answers: (BrotherPrinter(printer#73).isConnected(any()))&#10;BrotherPrinter(printer#73).connect(any(), eq(9100), any())))" type="io.mockk.MockKException">io.mockk.MockKException: no answer found for BrotherPrinter(printer#73).close() among the configured answers: (BrotherPrinter(printer#73).isConnected(any()))
BrotherPrinter(printer#73).connect(any(), eq(9100), any())))
	at io.mockk.impl.stub.MockKStub.defaultAnswer(MockKStub.kt:93)
	at io.mockk.impl.stub.MockKStub.answer(MockKStub.kt:44)
	at io.mockk.impl.recording.states.AnsweringState.call(AnsweringState.kt:16)
	at io.mockk.impl.recording.CommonCallRecorder.call(CommonCallRecorder.kt:53)
	at io.mockk.impl.stub.MockKStub.handleInvocation(MockKStub.kt:271)
	at io.mockk.impl.instantiation.JvmMockFactoryHelper$mockHandler$1.invocation(JvmMockFactoryHelper.kt:24)
	at app//io.mockk.proxy.jvm.advice.Interceptor.call(Interceptor.kt:21)
	at app//io.mockk.proxy.jvm.advice.BaseAdvice.handle(BaseAdvice.kt:42)
	at app//io.mockk.proxy.jvm.advice.jvm.JvmMockKProxyInterceptor.interceptNoSuper(JvmMockKProxyInterceptor.java:44)
	at com.oneid.totem.data.print.BrotherPrinter$Subclass1.close(Unknown Source)
	at com.oneid.totem.data.print.PrinterConnectionManager.ensureConnected(PrinterConnectionManager.kt:28)
	at com.oneid.totem.data.print.PrinterConnectionManagerTest$ensureConnected reconnects when IP changes$1.invokeSuspend(PrinterConnectionManagerTest.kt:59)
	at com.oneid.totem.data.print.PrinterConnectionManagerTest$ensureConnected reconnects when IP changes$1.invoke(PrinterConnectionManagerTest.kt)
	at com.oneid.totem.data.print.PrinterConnectionManagerTest$ensureConnected reconnects when IP changes$1.invoke(PrinterConnectionManagerTest.kt)
	at kotlinx.coroutines.test.TestBuildersKt__TestBuildersKt$runTest$2$1$1.invokeSuspend(TestBuilders.kt:318)
	at app//kotlin.coroutines.jvm.internal.BaseContinuationImpl.resumeWith(ContinuationImpl.kt:33)
	at kotlinx.coroutines.DispatchedTask.run(DispatchedTask.kt:101)
	at kotlinx.coroutines.test.TestDispatcher.processEvent$kotlinx_coroutines_test(TestDispatcher.kt:24)
	at kotlinx.coroutines.test.TestCoroutineScheduler.tryRunNextTaskUnless$kotlinx_coroutines_test(TestCoroutineScheduler.kt:99)
	at kotlinx.coroutines.test.TestBuildersKt__TestBuildersKt$runTest$2$1$workRunner$1.invokeSuspend(TestBuilders.kt:327)
	at app//kotlin.coroutines.jvm.internal.BaseContinuationImpl.resumeWith(ContinuationImpl.kt:33)
	at kotlinx.coroutines.DispatchedTask.run(DispatchedTask.kt:101)
	at kotlinx.coroutines.EventLoopImplBase.processNextEvent(EventLoop.common.kt:263)
	at kotlinx.coroutines.BlockingCoroutine.joinBlocking(Builders.kt:95)
	at kotlinx.coroutines.BuildersKt__BuildersKt.runBlocking(Builders.kt:69)
	at kotlinx.coroutines.BuildersKt.runBlocking(Unknown Source)
	at kotlinx.coroutines.BuildersKt__BuildersKt.runBlocking$default(Builders.kt:47)
	at kotlinx.coroutines.BuildersKt.runBlocking$default(Unknown Source)
	at kotlinx.coroutines.test.TestBuildersJvmKt.createTestResult(TestBuildersJvm.kt:10)
	at kotlinx.coroutines.test.TestBuildersKt__TestBuildersKt.runTest-8Mi8wO0(TestBuilders.kt:310)
	at kotlinx.coroutines.test.TestBuildersKt.runTest-8Mi8wO0(Unknown Source)
	at kotlinx.coroutines.test.TestBuildersKt__TestBuildersKt.runTest-8Mi8wO0(TestBuilders.kt:168)
	at kotlinx.coroutines.test.TestBuildersKt.runTest-8Mi8wO0(Unknown Source)
	at kotlinx.coroutines.test.TestBuildersKt__TestBuildersKt.runTest-8Mi8wO0$default(TestBuilders.kt:160)
	at kotlinx.coroutines.test.TestBuildersKt.runTest-8Mi8wO0$default(Unknown Source)
	at com.oneid.totem.data.print.PrinterConnectionManagerTest.ensureConnected reconnects when IP changes(PrinterConnectionManagerTest.kt:55)
	at java.base@21.0.11/jdk.internal.reflect.DirectMethodHandleAccessor.invoke(DirectMethodHandleAccessor.java:103)
	at java.base@21.0.11/java.lang.reflect.Method.invoke(Method.java:580)
	at app//org.junit.runners.model.FrameworkMethod$1.runReflectiveCall(FrameworkMethod.java:59)
	at app//org.junit.internal.runners.model.ReflectiveCallable.run(ReflectiveCallable.java:12)
	at app//org.junit.runners.model.FrameworkMethod.invokeExplosively(FrameworkMethod.java:56)
	at app//org.junit.internal.runners.statements.InvokeMethod.evaluate(InvokeMethod.java:17)
	at app//org.junit.internal.runners.statements.RunBefores.evaluate(RunBefores.java:26)
	at app//org.junit.runners.ParentRunner$3.evaluate(ParentRunner.java:306)
	at app//org.robolectric.RobolectricTestRunner$HelperTestRunner$1.evaluate(RobolectricTestRunner.java:502)
	at app//org.robolectric.internal.SandboxTestRunner$2.lambda$evaluate$2(SandboxTestRunner.java:285)
	at app//org.robolectric.internal.bytecode.Sandbox.lambda$runOnMainThread$0(Sandbox.java:104)
	at java.base@21.0.11/java.util.concurrent.FutureTask.run(FutureTask.java:317)
	at java.base@21.0.11/java.util.concurrent.ThreadPoolExecutor.runWorker(ThreadPoolExecutor.java:1144)
	at java.base@21.0.11/java.util.concurrent.ThreadPoolExecutor$Worker.run(ThreadPoolExecutor.java:642)
	at java.base@21.0.11/java.lang.Thread.run(Thread.java:1583)
</failure>
  </testcase>
  <system-out><![CDATA[]]></system-out>
  <system-err><![CDATA[]]></system-err>
</testsuite>
