<?xml version="1.0" encoding="UTF-8"?>
<testsuite name="com.oneid.totem.data.print.PrinterConfigRepositoryTest" tests="10" skipped="0" failures="1" errors="0" timestamp="2026-08-03T18:57:48" hostname="PHSC" time="0.466">
  <properties/>
  <testcase name="load does not change IP when saved value is null" classname="com.oneid.totem.data.print.PrinterConfigRepositoryTest" time="0.307"/>
  <testcase name="isConfigured returns false when IP is blank" classname="com.oneid.totem.data.print.PrinterConfigRepositoryTest" time="0.002"/>
  <testcase name="setIp trims whitespace" classname="com.oneid.totem.data.print.PrinterConfigRepositoryTest" time="0.121"/>
  <testcase name="load does not change IP when saved value is blank" classname="com.oneid.totem.data.print.PrinterConfigRepositoryTest" time="0.004"/>
  <testcase name="isConfigured returns true after IP is set" classname="com.oneid.totem.data.print.PrinterConfigRepositoryTest" time="0.004">
    <failure message="io.mockk.MockKException: no answer found for TokenStorage(tokenStorage#20).savePrinterIp(10.0.0.1) among the configured answers: ()" type="io.mockk.MockKException">io.mockk.MockKException: no answer found for TokenStorage(tokenStorage#20).savePrinterIp(10.0.0.1) among the configured answers: ()
	at app//io.mockk.impl.stub.MockKStub.defaultAnswer(MockKStub.kt:93)
	at app//io.mockk.impl.stub.MockKStub.answer(MockKStub.kt:44)
	at app//io.mockk.impl.recording.states.AnsweringState.call(AnsweringState.kt:16)
	at app//io.mockk.impl.recording.CommonCallRecorder.call(CommonCallRecorder.kt:53)
	at app//io.mockk.impl.stub.MockKStub.handleInvocation(MockKStub.kt:271)
	at app//io.mockk.impl.instantiation.JvmMockFactoryHelper$mockHandler$1.invocation(JvmMockFactoryHelper.kt:24)
	at app//io.mockk.proxy.jvm.advice.Interceptor.call(Interceptor.kt:21)
	at app//com.oneid.totem.data.local.TokenStorage.savePrinterIp(TokenStorage.kt:31)
	at app//com.oneid.totem.data.print.PrinterConfigRepository.setIp(PrinterConfigRepository.kt:52)
	at app//com.oneid.totem.data.print.PrinterConfigRepositoryTest.isConfigured returns true after IP is set(PrinterConfigRepositoryTest.kt:126)
	at java.base@21.0.11/jdk.internal.reflect.DirectMethodHandleAccessor.invoke(DirectMethodHandleAccessor.java:103)
	at java.base@21.0.11/java.lang.reflect.Method.invoke(Method.java:580)
	at app//org.junit.runners.model.FrameworkMethod$1.runReflectiveCall(FrameworkMethod.java:59)
	at app//org.junit.internal.runners.model.ReflectiveCallable.run(ReflectiveCallable.java:12)
	at app//org.junit.runners.model.FrameworkMethod.invokeExplosively(FrameworkMethod.java:56)
	at app//org.junit.internal.runners.statements.InvokeMethod.evaluate(InvokeMethod.java:17)
	at app//org.junit.internal.runners.statements.RunBefores.evaluate(RunBefores.java:26)
	at app//org.junit.runners.ParentRunner$3.evaluate(ParentRunner.java:306)
	at app//org.junit.runners.BlockJUnit4ClassRunner$1.evaluate(BlockJUnit4ClassRunner.java:100)
	at app//org.junit.runners.ParentRunner.runLeaf(ParentRunner.java:366)
	at app//org.junit.runners.BlockJUnit4ClassRunner.runChild(BlockJUnit4ClassRunner.java:103)
	at app//org.junit.runners.BlockJUnit4ClassRunner.runChild(BlockJUnit4ClassRunner.java:63)
	at app//org.junit.runners.ParentRunner$4.run(ParentRunner.java:331)
	at app//org.junit.runners.ParentRunner$1.schedule(ParentRunner.java:79)
	at app//org.junit.runners.ParentRunner.runChildren(ParentRunner.java:329)
	at app//org.junit.runners.ParentRunner.access$100(ParentRunner.java:66)
	at app//org.junit.runners.ParentRunner$2.evaluate(ParentRunner.java:293)
	at app//org.junit.runners.ParentRunner$3.evaluate(ParentRunner.java:306)
	at app//org.junit.runners.ParentRunner.run(ParentRunner.java:413)
	at org.gradle.api.internal.tasks.testing.junit.JUnitTestClassExecutor.runTestClass(JUnitTestClassExecutor.java:112)
	at org.gradle.api.internal.tasks.testing.junit.JUnitTestClassExecutor.execute(JUnitTestClassExecutor.java:58)
	at org.gradle.api.internal.tasks.testing.junit.JUnitTestClassExecutor.execute(JUnitTestClassExecutor.java:40)
	at org.gradle.api.internal.tasks.testing.junit.AbstractJUnitTestClassProcessor.processTestClass(AbstractJUnitTestClassProcessor.java:54)
	at org.gradle.api.internal.tasks.testing.SuiteTestClassProcessor.processTestClass(SuiteTestClassProcessor.java:53)
	at java.base@21.0.11/jdk.internal.reflect.DirectMethodHandleAccessor.invoke(DirectMethodHandleAccessor.java:103)
	at java.base@21.0.11/java.lang.reflect.Method.invoke(Method.java:580)
	at org.gradle.internal.dispatch.ReflectionDispatch.dispatch(ReflectionDispatch.java:36)
	at org.gradle.internal.dispatch.ReflectionDispatch.dispatch(ReflectionDispatch.java:24)
	at org.gradle.internal.dispatch.ContextClassLoaderDispatch.dispatch(ContextClassLoaderDispatch.java:33)
	at org.gradle.internal.dispatch.ProxyDispatchAdapter$DispatchingInvocationHandler.invoke(ProxyDispatchAdapter.java:92)
	at jdk.proxy1/jdk.proxy1.$Proxy4.processTestClass(Unknown Source)
	at org.gradle.api.internal.tasks.testing.worker.TestWorker$2.run(TestWorker.java:183)
	at org.gradle.api.internal.tasks.testing.worker.TestWorker.executeAndMaintainThreadName(TestWorker.java:132)
	at org.gradle.api.internal.tasks.testing.worker.TestWorker.execute(TestWorker.java:103)
	at org.gradle.api.internal.tasks.testing.worker.TestWorker.execute(TestWorker.java:63)
	at org.gradle.process.internal.worker.child.ActionExecutionWorker.execute(ActionExecutionWorker.java:56)
	at org.gradle.process.internal.worker.child.SystemApplicationClassLoaderWorker.call(SystemApplicationClassLoaderWorker.java:121)
	at org.gradle.process.internal.worker.child.SystemApplicationClassLoaderWorker.call(SystemApplicationClassLoaderWorker.java:71)
	at app//worker.org.gradle.process.internal.worker.GradleWorkerMain.run(GradleWorkerMain.java:69)
	at app//worker.org.gradle.process.internal.worker.GradleWorkerMain.main(GradleWorkerMain.java:74)
</failure>
  </testcase>
  <testcase name="load restores saved IP" classname="com.oneid.totem.data.print.PrinterConfigRepositoryTest" time="0.004"/>
  <testcase name="setAccessCodeKeyboard updates value and persists" classname="com.oneid.totem.data.print.PrinterConfigRepositoryTest" time="0.01"/>
  <testcase name="setIp updates value and persists" classname="com.oneid.totem.data.print.PrinterConfigRepositoryTest" time="0.005"/>
  <testcase name="printerIp flow emits updates" classname="com.oneid.totem.data.print.PrinterConfigRepositoryTest" time="0.005"/>
  <testcase name="load restores saved access code keyboard" classname="com.oneid.totem.data.print.PrinterConfigRepositoryTest" time="0.003"/>
  <system-out><![CDATA[]]></system-out>
  <system-err><![CDATA[]]></system-err>
</testsuite>
