<?xml version="1.0" encoding="UTF-8"?>
<testsuite name="com.oneid.totem.presentation.screens.method.MethodViewModelTest" tests="9" skipped="0" failures="0" errors="0" timestamp="2026-09-16T04:00:10" hostname="DESKTOP-L0NQU1E" time="0.67">
  <properties/>
  <testcase name="isAccessCodeValid trims whitespace" classname="com.oneid.totem.presentation.screens.method.MethodViewModelTest" time="0.599"/>
  <testcase name="uiState reflects settingsSecurityCodeEnabled from the repository" classname="com.oneid.totem.presentation.screens.method.MethodViewModelTest" time="0.008"/>
  <testcase name="isAccessCodeValid is case-insensitive" classname="com.oneid.totem.presentation.screens.method.MethodViewModelTest" time="0.008"/>
  <testcase name="autoDetectPrinter switches saved WIFI config to USB when a USB printer is detected" classname="com.oneid.totem.presentation.screens.method.MethodViewModelTest" time="0.011"/>
  <testcase name="isAccessCodeValid returns false when no access code is persisted" classname="com.oneid.totem.presentation.screens.method.MethodViewModelTest" time="0.008"/>
  <testcase name="isAccessCodeValid rejects wrong code" classname="com.oneid.totem.presentation.screens.method.MethodViewModelTest" time="0.007"/>
  <testcase name="logout sets hasLoggedOut" classname="com.oneid.totem.presentation.screens.method.MethodViewModelTest" time="0.01"/>
  <testcase name="autoDetectPrinter keeps saved WIFI config when no USB printer is found" classname="com.oneid.totem.presentation.screens.method.MethodViewModelTest" time="0.012"/>
  <testcase name="isAccessCodeValid accepts exact match" classname="com.oneid.totem.presentation.screens.method.MethodViewModelTest" time="0.007"/>
  <system-out><![CDATA[]]></system-out>
  <system-err><![CDATA[]]></system-err>
</testsuite>
