<?xml version="1.0" encoding="UTF-8"?>
<testsuite name="com.oneid.totem.presentation.screens.checkin.code.CodeCheckInViewModelTest" tests="4" skipped="0" failures="0" errors="0" timestamp="2026-08-03T18:57:49" hostname="PHSC" time="0.076">
  <properties/>
  <testcase name="numeric keyboard filters out letters" classname="com.oneid.totem.presentation.screens.checkin.code.CodeCheckInViewModelTest" time="0.069"/>
  <testcase name="numeric keyboard flag is false by default" classname="com.oneid.totem.presentation.screens.checkin.code.CodeCheckInViewModelTest" time="0.002"/>
  <testcase name="numeric keyboard flag is true when mode is numeric" classname="com.oneid.totem.presentation.screens.checkin.code.CodeCheckInViewModelTest" time="0.002"/>
  <testcase name="alphanumeric keyboard keeps letters and digits uppercased" classname="com.oneid.totem.presentation.screens.checkin.code.CodeCheckInViewModelTest" time="0.003"/>
  <system-out><![CDATA[]]></system-out>
  <system-err><![CDATA[]]></system-err>
</testsuite>
