<?xml version="1.0" encoding="UTF-8"?>
<testsuite name="com.oneid.totem.data.print.PrinterConfigRepositoryTest" tests="16" skipped="0" failures="0" errors="0" timestamp="2026-09-16T04:00:09" hostname="DESKTOP-L0NQU1E" time="0.574">
  <properties/>
  <testcase name="load does not change IP when saved value is null" classname="com.oneid.totem.data.print.PrinterConfigRepositoryTest" time="0.347"/>
  <testcase name="load migrates legacy STANDARD label layout to COMPACT" classname="com.oneid.totem.data.print.PrinterConfigRepositoryTest" time="0.018"/>
  <testcase name="setIp trims whitespace" classname="com.oneid.totem.data.print.PrinterConfigRepositoryTest" time="0.136"/>
  <testcase name="load does not change IP when saved value is blank" classname="com.oneid.totem.data.print.PrinterConfigRepositoryTest" time="0.003"/>
  <testcase name="isConfigured returns true after IP is set" classname="com.oneid.totem.data.print.PrinterConfigRepositoryTest" time="0.003"/>
  <testcase name="isConfigured returns true when connection type is USB" classname="com.oneid.totem.data.print.PrinterConfigRepositoryTest" time="0.002"/>
  <testcase name="load restores saved IP" classname="com.oneid.totem.data.print.PrinterConfigRepositoryTest" time="0.004"/>
  <testcase name="load restores saved settingsSecurityCodeEnabled" classname="com.oneid.totem.data.print.PrinterConfigRepositoryTest" time="0.004"/>
  <testcase name="load restores saved connection type" classname="com.oneid.totem.data.print.PrinterConfigRepositoryTest" time="0.004"/>
  <testcase name="setConnectionType updates value and persists" classname="com.oneid.totem.data.print.PrinterConfigRepositoryTest" time="0.014"/>
  <testcase name="setAccessCodeKeyboard updates value and persists" classname="com.oneid.totem.data.print.PrinterConfigRepositoryTest" time="0.007"/>
  <testcase name="setIp updates value and persists" classname="com.oneid.totem.data.print.PrinterConfigRepositoryTest" time="0.006"/>
  <testcase name="printerIp flow emits updates" classname="com.oneid.totem.data.print.PrinterConfigRepositoryTest" time="0.006"/>
  <testcase name="isConfigured returns false when WiFi and IP is blank" classname="com.oneid.totem.data.print.PrinterConfigRepositoryTest" time="0.001"/>
  <testcase name="load restores saved access code keyboard" classname="com.oneid.totem.data.print.PrinterConfigRepositoryTest" time="0.004"/>
  <testcase name="setSettingsSecurityCodeEnabled updates value and persists" classname="com.oneid.totem.data.print.PrinterConfigRepositoryTest" time="0.012"/>
  <system-out><![CDATA[]]></system-out>
  <system-err><![CDATA[]]></system-err>
</testsuite>
